{"/home/travis/build/npmtest/node-npmtest-moviedb/test.js":{"path":"/home/travis/build/npmtest/node-npmtest-moviedb/test.js","s":{"1":2,"2":2,"3":2,"4":2,"5":2,"6":2,"7":2,"8":1,"9":2,"10":2,"11":1,"12":1,"13":1,"14":1,"15":2,"16":2,"17":2,"18":2,"19":1,"20":1,"21":2,"22":2,"23":2,"24":1,"25":1,"26":1,"27":1,"28":1,"29":1,"30":1,"31":1,"32":1,"33":1,"34":1,"35":1,"36":1,"37":1,"38":1,"39":2,"40":2,"41":1,"42":2,"43":2,"44":1,"45":2,"46":2,"47":1,"48":2,"49":2,"50":1,"51":1,"52":1,"53":1,"54":1},"b":{"1":[2,1,1,1],"2":[1,1,1,1],"3":[1,1],"4":[1,1],"5":[1,1],"6":[1,1],"7":[1,1],"8":[1,1],"9":[1,1],"10":[1,1,1],"11":[1,1],"12":[1,1],"13":[1,1],"14":[1,1],"15":[1,1],"16":[1,1],"17":[1,1]},"f":{"1":2,"2":2,"3":2,"4":2,"5":2,"6":1,"7":1,"8":1,"9":2,"10":2,"11":2,"12":2,"13":1},"fnMap":{"1":{"name":"(anonymous_1)","line":12,"loc":{"start":{"line":12,"column":1},"end":{"line":12,"column":13}}},"2":{"name":"(anonymous_2)","line":19,"loc":{"start":{"line":19,"column":5},"end":{"line":19,"column":17}}},"3":{"name":"(anonymous_3)","line":23,"loc":{"start":{"line":23,"column":24},"end":{"line":23,"column":36}}},"4":{"name":"(anonymous_4)","line":61,"loc":{"start":{"line":61,"column":5},"end":{"line":61,"column":17}}},"5":{"name":"(anonymous_5)","line":82,"loc":{"start":{"line":82,"column":5},"end":{"line":82,"column":17}}},"6":{"name":"(anonymous_6)","line":91,"loc":{"start":{"line":91,"column":77},"end":{"line":94,"column":10}}},"7":{"name":"(anonymous_7)","line":112,"loc":{"start":{"line":112,"column":83},"end":{"line":115,"column":10}},"skip":true},"8":{"name":"(anonymous_8)","line":123,"loc":{"start":{"line":123,"column":77},"end":{"line":126,"column":10}},"skip":true},"9":{"name":"(anonymous_9)","line":139,"loc":{"start":{"line":139,"column":12},"end":{"line":139,"column":40}},"skip":true},"10":{"name":"(anonymous_10)","line":147,"loc":{"start":{"line":147,"column":77},"end":{"line":150,"column":10}},"skip":true},"11":{"name":"(anonymous_11)","line":158,"loc":{"start":{"line":158,"column":83},"end":{"line":161,"column":10}},"skip":true},"12":{"name":"(anonymous_12)","line":169,"loc":{"start":{"line":169,"column":79},"end":{"line":172,"column":10}},"skip":true},"13":{"name":"(anonymous_13)","line":180,"loc":{"start":{"line":180,"column":75},"end":{"line":183,"column":10}},"skip":true}},"statementMap":{"1":{"start":{"line":12,"column":0},"end":{"line":195,"column":5}},"2":{"start":{"line":14,"column":4},"end":{"line":14,"column":14}},"3":{"start":{"line":19,"column":4},"end":{"line":56,"column":9}},"4":{"start":{"line":21,"column":8},"end":{"line":21,"column":19}},"5":{"start":{"line":23,"column":8},"end":{"line":35,"column":13}},"6":{"start":{"line":24,"column":12},"end":{"line":34,"column":13}},"7":{"start":{"line":25,"column":16},"end":{"line":28,"column":30}},"8":{"start":{"line":30,"column":16},"end":{"line":33,"column":27}},"9":{"start":{"line":37,"column":8},"end":{"line":39,"column":21}},"10":{"start":{"line":40,"column":8},"end":{"line":53,"column":9}},"11":{"start":{"line":43,"column":12},"end":{"line":46,"column":14}},"12":{"start":{"line":47,"column":12},"end":{"line":47,"column":18}},"13":{"start":{"line":50,"column":12},"end":{"line":51,"column":46}},"14":{"start":{"line":52,"column":12},"end":{"line":52,"column":18}},"15":{"start":{"line":55,"column":8},"end":{"line":55,"column":35}},"16":{"start":{"line":61,"column":4},"end":{"line":63,"column":9}},"17":{"start":{"line":62,"column":8},"end":{"line":62,"column":15}},"18":{"start":{"line":64,"column":4},"end":{"line":77,"column":5}},"19":{"start":{"line":70,"column":8},"end":{"line":70,"column":14}},"20":{"start":{"line":76,"column":8},"end":{"line":76,"column":14}},"21":{"start":{"line":82,"column":4},"end":{"line":84,"column":9}},"22":{"start":{"line":83,"column":8},"end":{"line":83,"column":15}},"23":{"start":{"line":85,"column":4},"end":{"line":194,"column":5}},"24":{"start":{"line":91,"column":8},"end":{"line":99,"column":10}},"25":{"start":{"line":98,"column":12},"end":{"line":98,"column":35}},"26":{"start":{"line":102,"column":8},"end":{"line":104,"column":63}},"27":{"start":{"line":105,"column":8},"end":{"line":105,"column":14}},"28":{"start":{"line":112,"column":8},"end":{"line":121,"column":10},"skip":true},"29":{"start":{"line":119,"column":12},"end":{"line":119,"column":55},"skip":true},"30":{"start":{"line":120,"column":12},"end":{"line":120,"column":48},"skip":true},"31":{"start":{"line":123,"column":8},"end":{"line":136,"column":10},"skip":true},"32":{"start":{"line":130,"column":12},"end":{"line":130,"column":76},"skip":true},"33":{"start":{"line":131,"column":12},"end":{"line":131,"column":73},"skip":true},"34":{"start":{"line":132,"column":12},"end":{"line":132,"column":74},"skip":true},"35":{"start":{"line":133,"column":12},"end":{"line":133,"column":79},"skip":true},"36":{"start":{"line":134,"column":12},"end":{"line":134,"column":25},"skip":true},"37":{"start":{"line":135,"column":12},"end":{"line":135,"column":45},"skip":true},"38":{"start":{"line":138,"column":8},"end":{"line":145,"column":14},"skip":true},"39":{"start":{"line":143,"column":16},"end":{"line":143,"column":29},"skip":true},"40":{"start":{"line":144,"column":16},"end":{"line":144,"column":55},"skip":true},"41":{"start":{"line":147,"column":8},"end":{"line":156,"column":10},"skip":true},"42":{"start":{"line":154,"column":12},"end":{"line":154,"column":25},"skip":true},"43":{"start":{"line":155,"column":12},"end":{"line":155,"column":45},"skip":true},"44":{"start":{"line":158,"column":8},"end":{"line":167,"column":10},"skip":true},"45":{"start":{"line":165,"column":12},"end":{"line":165,"column":25},"skip":true},"46":{"start":{"line":166,"column":12},"end":{"line":166,"column":48},"skip":true},"47":{"start":{"line":169,"column":8},"end":{"line":178,"column":10},"skip":true},"48":{"start":{"line":176,"column":12},"end":{"line":176,"column":25},"skip":true},"49":{"start":{"line":177,"column":12},"end":{"line":177,"column":46},"skip":true},"50":{"start":{"line":180,"column":8},"end":{"line":189,"column":10},"skip":true},"51":{"start":{"line":187,"column":12},"end":{"line":187,"column":94},"skip":true},"52":{"start":{"line":188,"column":12},"end":{"line":188,"column":48},"skip":true},"53":{"start":{"line":192,"column":8},"end":{"line":192,"column":35},"skip":true},"54":{"start":{"line":193,"column":8},"end":{"line":193,"column":14},"skip":true}},"branchMap":{"1":{"line":25,"type":"binary-expr","locations":[{"start":{"line":25,"column":23},"end":{"line":25,"column":62}},{"start":{"line":26,"column":20},"end":{"line":26,"column":70}},{"start":{"line":27,"column":20},"end":{"line":27,"column":71}},{"start":{"line":28,"column":20},"end":{"line":28,"column":29}}]},"2":{"line":30,"type":"binary-expr","locations":[{"start":{"line":30,"column":23},"end":{"line":30,"column":37}},{"start":{"line":31,"column":20},"end":{"line":31,"column":61}},{"start":{"line":32,"column":20},"end":{"line":32,"column":70}},{"start":{"line":33,"column":20},"end":{"line":33,"column":26}}]},"3":{"line":37,"type":"cond-expr","locations":[{"start":{"line":38,"column":14},"end":{"line":38,"column":20}},{"start":{"line":39,"column":14},"end":{"line":39,"column":20}}]},"4":{"line":40,"type":"switch","locations":[{"start":{"line":42,"column":8},"end":{"line":47,"column":18}},{"start":{"line":49,"column":8},"end":{"line":52,"column":18}}]},"5":{"line":44,"type":"binary-expr","locations":[{"start":{"line":44,"column":16},"end":{"line":44,"column":44}},{"start":{"line":44,"column":48},"end":{"line":44,"column":66}}]},"6":{"line":50,"type":"binary-expr","locations":[{"start":{"line":50,"column":21},"end":{"line":50,"column":49}},{"start":{"line":50,"column":53},"end":{"line":50,"column":72}}]},"7":{"line":64,"type":"switch","locations":[{"start":{"line":69,"column":4},"end":{"line":70,"column":14}},{"start":{"line":75,"column":4},"end":{"line":76,"column":14}}]},"8":{"line":85,"type":"switch","locations":[{"start":{"line":90,"column":4},"end":{"line":105,"column":14}},{"start":{"line":111,"column":4},"end":{"line":193,"column":14},"skip":true}]},"9":{"line":91,"type":"binary-expr","locations":[{"start":{"line":91,"column":42},"end":{"line":91,"column":73}},{"start":{"line":91,"column":77},"end":{"line":99,"column":9}}]},"10":{"line":102,"type":"binary-expr","locations":[{"start":{"line":102,"column":18},"end":{"line":102,"column":32}},{"start":{"line":103,"column":12},"end":{"line":103,"column":53}},{"start":{"line":104,"column":12},"end":{"line":104,"column":61}}]},"11":{"line":112,"type":"binary-expr","locations":[{"start":{"line":112,"column":45},"end":{"line":112,"column":79},"skip":true},{"start":{"line":112,"column":83},"end":{"line":121,"column":9},"skip":true}]},"12":{"line":123,"type":"binary-expr","locations":[{"start":{"line":123,"column":42},"end":{"line":123,"column":73},"skip":true},{"start":{"line":123,"column":77},"end":{"line":136,"column":9},"skip":true}]},"13":{"line":138,"type":"binary-expr","locations":[{"start":{"line":138,"column":48},"end":{"line":138,"column":85},"skip":true},{"start":{"line":139,"column":12},"end":{"line":145,"column":13},"skip":true}]},"14":{"line":147,"type":"binary-expr","locations":[{"start":{"line":147,"column":42},"end":{"line":147,"column":73},"skip":true},{"start":{"line":147,"column":77},"end":{"line":156,"column":9},"skip":true}]},"15":{"line":158,"type":"binary-expr","locations":[{"start":{"line":158,"column":45},"end":{"line":158,"column":79},"skip":true},{"start":{"line":158,"column":83},"end":{"line":167,"column":9},"skip":true}]},"16":{"line":169,"type":"binary-expr","locations":[{"start":{"line":169,"column":43},"end":{"line":169,"column":75},"skip":true},{"start":{"line":169,"column":79},"end":{"line":178,"column":9},"skip":true}]},"17":{"line":180,"type":"binary-expr","locations":[{"start":{"line":180,"column":41},"end":{"line":180,"column":71},"skip":true},{"start":{"line":180,"column":75},"end":{"line":189,"column":9},"skip":true}]}},"code":["/* istanbul instrument in package npmtest_moviedb */","/*jslint","    bitwise: true,","    browser: true,","    maxerr: 8,","    maxlen: 96,","    node: true,","    nomen: true,","    regexp: true,","    stupid: true","*/","(function () {","    'use strict';","    var local;","","","","    // run shared js-env code - pre-init","    (function () {","        // init local","        local = {};","        // init modeJs","        local.modeJs = (function () {","            try {","                return typeof navigator.userAgent === 'string' &&","                    typeof document.querySelector('body') === 'object' &&","                    typeof XMLHttpRequest.prototype.open === 'function' &&","                    'browser';","            } catch (errorCaughtBrowser) {","                return module.exports &&","                    typeof process.versions.node === 'string' &&","                    typeof require('http').createServer === 'function' &&","                    'node';","            }","        }());","        // init global","        local.global = local.modeJs === 'browser'","            ? window","            : global;","        switch (local.modeJs) {","        // re-init local from window.local","        case 'browser':","            local = local.global.utility2.objectSetDefault(","                local.global.utility2_rollup || local.global.local,","                local.global.utility2","            );","            break;","        // re-init local from example.js","        case 'node':","            local = (local.global.utility2_rollup || require('utility2'))","                .requireExampleJsFromReadme();","            break;","        }","        // export local","        local.global.local = local;","    }());","","","","    // run shared js-env code - function","    (function () {","        return;","    }());","    switch (local.modeJs) {","","","","    // run browser js-env code - function","    case 'browser':","        break;","","","","    // run node js-env code - function","    case 'node':","        break;","    }","","","","    // run shared js-env code - post-init","    (function () {","        return;","    }());","    switch (local.modeJs) {","","","","    // run browser js-env code - post-init","    case 'browser':","        local.testCase_browser_nullCase = local.testCase_browser_nullCase || function (","            options,","            onError","        ) {","        /*","         * this function will test browsers's null-case handling-behavior-behavior","         */","            onError(null, options);","        };","","        // run tests","        local.nop(local.modeTest &&","            document.querySelector('#testRunButton1') &&","            document.querySelector('#testRunButton1').click());","        break;","","","","    // run node js-env code - post-init","    /* istanbul ignore next */","    case 'node':","        local.testCase_buildApidoc_default = local.testCase_buildApidoc_default || function (","            options,","            onError","        ) {","        /*","         * this function will test buildApidoc's default handling-behavior-behavior","         */","            options = { modulePathList: module.paths };","            local.buildApidoc(options, onError);","        };","","        local.testCase_buildApp_default = local.testCase_buildApp_default || function (","            options,","            onError","        ) {","        /*","         * this function will test buildApp's default handling-behavior-behavior","         */","            local.testCase_buildReadme_default(options, local.onErrorThrow);","            local.testCase_buildLib_default(options, local.onErrorThrow);","            local.testCase_buildTest_default(options, local.onErrorThrow);","            local.testCase_buildCustomOrg_default(options, local.onErrorThrow);","            options = [];","            local.buildApp(options, onError);","        };","","        local.testCase_buildCustomOrg_default = local.testCase_buildCustomOrg_default ||","            function (options, onError) {","            /*","             * this function will test buildCustomOrg's default handling-behavior","             */","                options = {};","                local.buildCustomOrg(options, onError);","            };","","        local.testCase_buildLib_default = local.testCase_buildLib_default || function (","            options,","            onError","        ) {","        /*","         * this function will test buildLib's default handling-behavior","         */","            options = {};","            local.buildLib(options, onError);","        };","","        local.testCase_buildReadme_default = local.testCase_buildReadme_default || function (","            options,","            onError","        ) {","        /*","         * this function will test buildReadme's default handling-behavior-behavior","         */","            options = {};","            local.buildReadme(options, onError);","        };","","        local.testCase_buildTest_default = local.testCase_buildTest_default || function (","            options,","            onError","        ) {","        /*","         * this function will test buildTest's default handling-behavior","         */","            options = {};","            local.buildTest(options, onError);","        };","","        local.testCase_webpage_default = local.testCase_webpage_default || function (","            options,","            onError","        ) {","        /*","         * this function will test webpage's default handling-behavior","         */","            options = { modeCoverageMerge: true, url: local.serverLocalHost + '?modeTest=1' };","            local.browserTest(options, onError);","        };","","        // run test-server","        local.testRunServer(local);","        break;","    }","}());",""],"l":{"12":2,"14":2,"19":2,"21":2,"23":2,"24":2,"25":2,"30":1,"37":2,"40":2,"43":1,"47":1,"50":1,"52":1,"55":2,"61":2,"62":2,"64":2,"70":1,"76":1,"82":2,"83":2,"85":2,"91":1,"98":1,"102":1,"105":1,"112":1,"119":1,"120":1,"123":1,"130":1,"131":1,"132":1,"133":1,"134":1,"135":1,"138":1,"143":2,"144":2,"147":1,"154":2,"155":2,"158":1,"165":2,"166":2,"169":1,"176":2,"177":2,"180":1,"187":1,"188":1,"192":1,"193":1}},"/home/travis/build/npmtest/node-npmtest-moviedb/lib.npmtest_moviedb.js":{"path":"/home/travis/build/npmtest/node-npmtest-moviedb/lib.npmtest_moviedb.js","s":{"1":2,"2":2,"3":2,"4":2,"5":2,"6":2,"7":2,"8":1,"9":2,"10":2,"11":2,"12":2,"13":1,"14":1,"15":1,"16":1},"b":{"1":[2,1,1,1],"2":[1,1,1,1],"3":[1,1],"4":[2,2],"5":[1,1]},"f":{"1":2,"2":2,"3":2},"fnMap":{"1":{"name":"(anonymous_1)","line":12,"loc":{"start":{"line":12,"column":1},"end":{"line":12,"column":13}}},"2":{"name":"(anonymous_2)","line":19,"loc":{"start":{"line":19,"column":5},"end":{"line":19,"column":17}}},"3":{"name":"(anonymous_3)","line":23,"loc":{"start":{"line":23,"column":24},"end":{"line":23,"column":36}}}},"statementMap":{"1":{"start":{"line":12,"column":0},"end":{"line":53,"column":5}},"2":{"start":{"line":14,"column":4},"end":{"line":14,"column":14}},"3":{"start":{"line":19,"column":4},"end":{"line":52,"column":9}},"4":{"start":{"line":21,"column":8},"end":{"line":21,"column":19}},"5":{"start":{"line":23,"column":8},"end":{"line":35,"column":13}},"6":{"start":{"line":24,"column":12},"end":{"line":34,"column":13}},"7":{"start":{"line":25,"column":16},"end":{"line":28,"column":30}},"8":{"start":{"line":30,"column":16},"end":{"line":33,"column":27}},"9":{"start":{"line":37,"column":8},"end":{"line":39,"column":21}},"10":{"start":{"line":41,"column":8},"end":{"line":41,"column":54}},"11":{"start":{"line":43,"column":8},"end":{"line":43,"column":52}},"12":{"start":{"line":45,"column":8},"end":{"line":51,"column":9}},"13":{"start":{"line":46,"column":12},"end":{"line":46,"column":58}},"14":{"start":{"line":48,"column":12},"end":{"line":48,"column":35}},"15":{"start":{"line":49,"column":12},"end":{"line":49,"column":49}},"16":{"start":{"line":50,"column":12},"end":{"line":50,"column":43}}},"branchMap":{"1":{"line":25,"type":"binary-expr","locations":[{"start":{"line":25,"column":23},"end":{"line":25,"column":62}},{"start":{"line":26,"column":20},"end":{"line":26,"column":70}},{"start":{"line":27,"column":20},"end":{"line":27,"column":71}},{"start":{"line":28,"column":20},"end":{"line":28,"column":29}}]},"2":{"line":30,"type":"binary-expr","locations":[{"start":{"line":30,"column":23},"end":{"line":30,"column":37}},{"start":{"line":31,"column":20},"end":{"line":31,"column":61}},{"start":{"line":32,"column":20},"end":{"line":32,"column":70}},{"start":{"line":33,"column":20},"end":{"line":33,"column":26}}]},"3":{"line":37,"type":"cond-expr","locations":[{"start":{"line":38,"column":14},"end":{"line":38,"column":20}},{"start":{"line":39,"column":14},"end":{"line":39,"column":20}}]},"4":{"line":41,"type":"binary-expr","locations":[{"start":{"line":41,"column":16},"end":{"line":41,"column":44}},{"start":{"line":41,"column":48},"end":{"line":41,"column":53}}]},"5":{"line":45,"type":"if","locations":[{"start":{"line":45,"column":8},"end":{"line":45,"column":8}},{"start":{"line":45,"column":8},"end":{"line":45,"column":8}}]}},"code":["/* istanbul instrument in package npmtest_moviedb */","/*jslint","    bitwise: true,","    browser: true,","    maxerr: 8,","    maxlen: 96,","    node: true,","    nomen: true,","    regexp: true,","    stupid: true","*/","(function () {","    'use strict';","    var local;","","","","    // run shared js-env code - pre-init","    (function () {","        // init local","        local = {};","        // init modeJs","        local.modeJs = (function () {","            try {","                return typeof navigator.userAgent === 'string' &&","                    typeof document.querySelector('body') === 'object' &&","                    typeof XMLHttpRequest.prototype.open === 'function' &&","                    'browser';","            } catch (errorCaughtBrowser) {","                return module.exports &&","                    typeof process.versions.node === 'string' &&","                    typeof require('http').createServer === 'function' &&","                    'node';","            }","        }());","        // init global","        local.global = local.modeJs === 'browser'","            ? window","            : global;","        // init utility2_rollup","        local = local.global.utility2_rollup || local;","        // init lib","        local.local = local.npmtest_moviedb = local;","        // init exports","        if (local.modeJs === 'browser') {","            local.global.utility2_npmtest_moviedb = local;","        } else {","            module.exports = local;","            module.exports.__dirname = __dirname;","            module.exports.module = module;","        }","    }());","}());",""],"l":{"12":2,"14":2,"19":2,"21":2,"23":2,"24":2,"25":2,"30":1,"37":2,"41":2,"43":2,"45":2,"46":1,"48":1,"49":1,"50":1}},"/home/travis/build/npmtest/node-npmtest-moviedb/example.js":{"path":"/home/travis/build/npmtest/node-npmtest-moviedb/example.js","s":{"1":2,"2":2,"3":2,"4":2,"5":2,"6":2,"7":2,"8":1,"9":2,"10":2,"11":2,"12":2,"13":1,"14":2,"15":2,"16":2,"17":2,"18":2,"19":0,"20":2,"21":1,"22":1,"23":1,"24":1,"25":1,"26":0,"27":0,"28":1,"29":1,"30":2,"31":0,"32":0,"33":0,"34":1,"35":2,"36":2,"37":3,"38":3,"39":3,"40":3,"41":0,"42":3,"43":3,"44":3,"45":1,"46":3,"47":1,"48":1,"49":1,"50":1,"51":1,"52":1,"53":1,"54":1,"55":1,"56":1,"57":0,"58":1,"59":6,"60":6,"61":1,"62":2,"63":0,"64":2,"65":1,"66":1,"67":0,"68":0,"69":0,"70":0,"71":0,"72":0,"73":0,"74":0,"75":0,"76":0,"77":0,"78":0,"79":0,"80":0,"81":0,"82":0,"83":0},"b":{"1":[2,1,1,1],"2":[1,1,1,1],"3":[1,1],"4":[2,2],"5":[1,1],"6":[1,1],"7":[2,0],"8":[2,1,1,1,1,1],"9":[0,2,0],"10":[1,1],"11":[2,1,1],"12":[1,0],"13":[0,2],"14":[2,0,0,0,0,0,0],"15":[0,3],"16":[3,0],"17":[1,1],"18":[0,1],"19":[1,2,0,2],"20":[1,0],"21":[1,1],"22":[0,0],"23":[0,0],"24":[0,0],"25":[0,0],"26":[0,0],"27":[0,0],"28":[0,0]},"f":{"1":2,"2":2,"3":2,"4":2,"5":2,"6":2,"7":3,"8":3,"9":3,"10":1,"11":6,"12":0},"fnMap":{"1":{"name":"(anonymous_1)","line":26,"loc":{"start":{"line":26,"column":1},"end":{"line":26,"column":13}}},"2":{"name":"(anonymous_2)","line":33,"loc":{"start":{"line":33,"column":5},"end":{"line":33,"column":17}}},"3":{"name":"(anonymous_3)","line":37,"loc":{"start":{"line":37,"column":24},"end":{"line":37,"column":36}}},"4":{"name":"(anonymous_4)","line":69,"loc":{"start":{"line":69,"column":31},"end":{"line":69,"column":48}},"skip":true},"5":{"name":"(anonymous_5)","line":78,"loc":{"start":{"line":78,"column":26},"end":{"line":78,"column":45}},"skip":true},"6":{"name":"(anonymous_6)","line":123,"loc":{"start":{"line":123,"column":33},"end":{"line":123,"column":48}},"skip":true},"7":{"name":"(anonymous_7)","line":125,"loc":{"start":{"line":125,"column":27},"end":{"line":125,"column":39}},"skip":true},"8":{"name":"(anonymous_8)","line":133,"loc":{"start":{"line":133,"column":59},"end":{"line":133,"column":74}},"skip":true},"9":{"name":"(anonymous_9)","line":143,"loc":{"start":{"line":143,"column":45},"end":{"line":143,"column":62}},"skip":true},"10":{"name":"(anonymous_10)","line":144,"loc":{"start":{"line":144,"column":73},"end":{"line":144,"column":92}},"skip":true},"11":{"name":"(anonymous_11)","line":272,"loc":{"start":{"line":272,"column":51},"end":{"line":272,"column":77}},"skip":true},"12":{"name":"(anonymous_12)","line":315,"loc":{"start":{"line":315,"column":32},"end":{"line":315,"column":61}},"skip":true}},"statementMap":{"1":{"start":{"line":26,"column":0},"end":{"line":326,"column":5}},"2":{"start":{"line":28,"column":4},"end":{"line":28,"column":14}},"3":{"start":{"line":33,"column":4},"end":{"line":60,"column":9}},"4":{"start":{"line":35,"column":8},"end":{"line":35,"column":19}},"5":{"start":{"line":37,"column":8},"end":{"line":49,"column":13}},"6":{"start":{"line":38,"column":12},"end":{"line":48,"column":13}},"7":{"start":{"line":39,"column":16},"end":{"line":42,"column":30}},"8":{"start":{"line":44,"column":16},"end":{"line":47,"column":27}},"9":{"start":{"line":51,"column":8},"end":{"line":53,"column":21}},"10":{"start":{"line":55,"column":8},"end":{"line":57,"column":45}},"11":{"start":{"line":59,"column":8},"end":{"line":59,"column":35}},"12":{"start":{"line":61,"column":4},"end":{"line":325,"column":5}},"13":{"start":{"line":69,"column":8},"end":{"line":121,"column":10},"skip":true},"14":{"start":{"line":70,"column":12},"end":{"line":88,"column":13},"skip":true},"15":{"start":{"line":76,"column":16},"end":{"line":87,"column":19},"skip":true},"16":{"start":{"line":79,"column":20},"end":{"line":86,"column":21},"skip":true},"17":{"start":{"line":82,"column":24},"end":{"line":82,"column":43},"skip":true},"18":{"start":{"line":83,"column":24},"end":{"line":83,"column":30},"skip":true},"19":{"start":{"line":85,"column":24},"end":{"line":85,"column":49},"skip":true},"20":{"start":{"line":89,"column":12},"end":{"line":107,"column":13},"skip":true},"21":{"start":{"line":92,"column":16},"end":{"line":102,"column":17},"skip":true},"22":{"start":{"line":93,"column":20},"end":{"line":93,"column":86},"skip":true},"23":{"start":{"line":94,"column":20},"end":{"line":95,"column":45},"skip":true},"24":{"start":{"line":96,"column":20},"end":{"line":96,"column":42},"skip":true},"25":{"start":{"line":97,"column":20},"end":{"line":97,"column":48},"skip":true},"26":{"start":{"line":100,"column":20},"end":{"line":100,"column":85},"skip":true},"27":{"start":{"line":101,"column":20},"end":{"line":101,"column":96},"skip":true},"28":{"start":{"line":103,"column":16},"end":{"line":103,"column":22},"skip":true},"29":{"start":{"line":106,"column":16},"end":{"line":106,"column":22},"skip":true},"30":{"start":{"line":108,"column":12},"end":{"line":120,"column":13},"skip":true},"31":{"start":{"line":114,"column":16},"end":{"line":119,"column":17},"skip":true},"32":{"start":{"line":116,"column":20},"end":{"line":116,"column":78},"skip":true},"33":{"start":{"line":118,"column":20},"end":{"line":118,"column":47},"skip":true},"34":{"start":{"line":123,"column":8},"end":{"line":141,"column":11},"skip":true},"35":{"start":{"line":124,"column":12},"end":{"line":124,"column":54},"skip":true},"36":{"start":{"line":125,"column":12},"end":{"line":140,"column":14},"skip":true},"37":{"start":{"line":126,"column":16},"end":{"line":126,"column":28},"skip":true},"38":{"start":{"line":127,"column":16},"end":{"line":127,"column":69},"skip":true},"39":{"start":{"line":128,"column":16},"end":{"line":128,"column":75},"skip":true},"40":{"start":{"line":129,"column":16},"end":{"line":131,"column":17},"skip":true},"41":{"start":{"line":130,"column":20},"end":{"line":130,"column":27},"skip":true},"42":{"start":{"line":133,"column":16},"end":{"line":137,"column":36},"skip":true},"43":{"start":{"line":134,"column":20},"end":{"line":136,"column":55},"skip":true},"44":{"start":{"line":139,"column":16},"end":{"line":139,"column":57},"skip":true},"45":{"start":{"line":143,"column":8},"end":{"line":147,"column":11},"skip":true},"46":{"start":{"line":144,"column":12},"end":{"line":146,"column":15},"skip":true},"47":{"start":{"line":145,"column":16},"end":{"line":145,"column":70},"skip":true},"48":{"start":{"line":149,"column":8},"end":{"line":149,"column":31},"skip":true},"49":{"start":{"line":150,"column":8},"end":{"line":150,"column":14},"skip":true},"50":{"start":{"line":158,"column":8},"end":{"line":158,"column":31},"skip":true},"51":{"start":{"line":160,"column":8},"end":{"line":160,"column":33},"skip":true},"52":{"start":{"line":161,"column":8},"end":{"line":161,"column":37},"skip":true},"53":{"start":{"line":162,"column":8},"end":{"line":162,"column":35},"skip":true},"54":{"start":{"line":164,"column":8},"end":{"line":164,"column":50},"skip":true},"55":{"start":{"line":166,"column":8},"end":{"line":256,"column":2},"skip":true},"56":{"start":{"line":258,"column":8},"end":{"line":286,"column":9},"skip":true},"57":{"start":{"line":259,"column":12},"end":{"line":269,"column":14},"skip":true},"58":{"start":{"line":271,"column":12},"end":{"line":285,"column":19},"skip":true},"59":{"start":{"line":274,"column":20},"end":{"line":274,"column":35},"skip":true},"60":{"start":{"line":275,"column":20},"end":{"line":284,"column":21},"skip":true},"61":{"start":{"line":277,"column":24},"end":{"line":277,"column":64},"skip":true},"62":{"start":{"line":279,"column":24},"end":{"line":279,"column":40},"skip":true},"63":{"start":{"line":281,"column":24},"end":{"line":281,"column":40},"skip":true},"64":{"start":{"line":283,"column":24},"end":{"line":283,"column":39},"skip":true},"65":{"start":{"line":288,"column":8},"end":{"line":290,"column":9},"skip":true},"66":{"start":{"line":289,"column":12},"end":{"line":289,"column":18},"skip":true},"67":{"start":{"line":291,"column":8},"end":{"line":293,"column":54},"skip":true},"68":{"start":{"line":296,"column":8},"end":{"line":301,"column":37},"skip":true},"69":{"start":{"line":303,"column":8},"end":{"line":303,"column":82},"skip":true},"70":{"start":{"line":306,"column":8},"end":{"line":308,"column":9},"skip":true},"71":{"start":{"line":307,"column":12},"end":{"line":307,"column":82},"skip":true},"72":{"start":{"line":310,"column":8},"end":{"line":312,"column":9},"skip":true},"73":{"start":{"line":311,"column":12},"end":{"line":311,"column":18},"skip":true},"74":{"start":{"line":313,"column":8},"end":{"line":313,"column":54},"skip":true},"75":{"start":{"line":314,"column":8},"end":{"line":314,"column":69},"skip":true},"76":{"start":{"line":315,"column":8},"end":{"line":323,"column":36},"skip":true},"77":{"start":{"line":316,"column":12},"end":{"line":316,"column":61},"skip":true},"78":{"start":{"line":317,"column":12},"end":{"line":320,"column":13},"skip":true},"79":{"start":{"line":318,"column":16},"end":{"line":318,"column":75},"skip":true},"80":{"start":{"line":319,"column":16},"end":{"line":319,"column":23},"skip":true},"81":{"start":{"line":321,"column":12},"end":{"line":321,"column":38},"skip":true},"82":{"start":{"line":322,"column":12},"end":{"line":322,"column":27},"skip":true},"83":{"start":{"line":324,"column":8},"end":{"line":324,"column":14},"skip":true}},"branchMap":{"1":{"line":39,"type":"binary-expr","locations":[{"start":{"line":39,"column":23},"end":{"line":39,"column":62}},{"start":{"line":40,"column":20},"end":{"line":40,"column":70}},{"start":{"line":41,"column":20},"end":{"line":41,"column":71}},{"start":{"line":42,"column":20},"end":{"line":42,"column":29}}]},"2":{"line":44,"type":"binary-expr","locations":[{"start":{"line":44,"column":23},"end":{"line":44,"column":37}},{"start":{"line":45,"column":20},"end":{"line":45,"column":61}},{"start":{"line":46,"column":20},"end":{"line":46,"column":70}},{"start":{"line":47,"column":20},"end":{"line":47,"column":26}}]},"3":{"line":51,"type":"cond-expr","locations":[{"start":{"line":52,"column":14},"end":{"line":52,"column":20}},{"start":{"line":53,"column":14},"end":{"line":53,"column":20}}]},"4":{"line":55,"type":"binary-expr","locations":[{"start":{"line":55,"column":16},"end":{"line":55,"column":44}},{"start":{"line":55,"column":49},"end":{"line":57,"column":43}}]},"5":{"line":55,"type":"cond-expr","locations":[{"start":{"line":56,"column":14},"end":{"line":56,"column":51}},{"start":{"line":57,"column":14},"end":{"line":57,"column":43}}]},"6":{"line":61,"type":"switch","locations":[{"start":{"line":68,"column":4},"end":{"line":150,"column":14},"skip":true},{"start":{"line":156,"column":4},"end":{"line":324,"column":14},"skip":true}]},"7":{"line":70,"type":"if","locations":[{"start":{"line":70,"column":12},"end":{"line":70,"column":12},"skip":true},{"start":{"line":70,"column":12},"end":{"line":70,"column":12},"skip":true}]},"8":{"line":70,"type":"binary-expr","locations":[{"start":{"line":70,"column":16},"end":{"line":70,"column":22},"skip":true},{"start":{"line":70,"column":27},"end":{"line":70,"column":32},"skip":true},{"start":{"line":71,"column":20},"end":{"line":71,"column":39},"skip":true},{"start":{"line":72,"column":20},"end":{"line":72,"column":49},"skip":true},{"start":{"line":73,"column":20},"end":{"line":73,"column":58},"skip":true},{"start":{"line":74,"column":20},"end":{"line":74,"column":69},"skip":true}]},"9":{"line":79,"type":"switch","locations":[{"start":{"line":80,"column":20},"end":{"line":80,"column":33},"skip":true},{"start":{"line":81,"column":20},"end":{"line":83,"column":30},"skip":true},{"start":{"line":84,"column":20},"end":{"line":85,"column":49},"skip":true}]},"10":{"line":89,"type":"switch","locations":[{"start":{"line":90,"column":12},"end":{"line":103,"column":22},"skip":true},{"start":{"line":105,"column":12},"end":{"line":106,"column":22},"skip":true}]},"11":{"line":89,"type":"binary-expr","locations":[{"start":{"line":89,"column":20},"end":{"line":89,"column":25},"skip":true},{"start":{"line":89,"column":29},"end":{"line":89,"column":48},"skip":true},{"start":{"line":89,"column":52},"end":{"line":89,"column":74},"skip":true}]},"12":{"line":92,"type":"if","locations":[{"start":{"line":92,"column":16},"end":{"line":92,"column":16},"skip":true},{"start":{"line":92,"column":16},"end":{"line":92,"column":16},"skip":true}]},"13":{"line":108,"type":"if","locations":[{"start":{"line":108,"column":12},"end":{"line":108,"column":12},"skip":true},{"start":{"line":108,"column":12},"end":{"line":108,"column":12},"skip":true}]},"14":{"line":108,"type":"binary-expr","locations":[{"start":{"line":108,"column":16},"end":{"line":108,"column":61},"skip":true},{"start":{"line":108,"column":66},"end":{"line":108,"column":72},"skip":true},{"start":{"line":108,"column":77},"end":{"line":108,"column":82},"skip":true},{"start":{"line":109,"column":20},"end":{"line":109,"column":39},"skip":true},{"start":{"line":110,"column":20},"end":{"line":110,"column":49},"skip":true},{"start":{"line":111,"column":20},"end":{"line":111,"column":58},"skip":true},{"start":{"line":112,"column":20},"end":{"line":112,"column":68},"skip":true}]},"15":{"line":129,"type":"if","locations":[{"start":{"line":129,"column":16},"end":{"line":129,"column":16},"skip":true},{"start":{"line":129,"column":16},"end":{"line":129,"column":16},"skip":true}]},"16":{"line":134,"type":"cond-expr","locations":[{"start":{"line":135,"column":26},"end":{"line":135,"column":29},"skip":true},{"start":{"line":136,"column":26},"end":{"line":136,"column":54},"skip":true}]},"17":{"line":164,"type":"binary-expr","locations":[{"start":{"line":164,"column":27},"end":{"line":164,"column":43},"skip":true},{"start":{"line":164,"column":47},"end":{"line":164,"column":49},"skip":true}]},"18":{"line":258,"type":"if","locations":[{"start":{"line":258,"column":8},"end":{"line":258,"column":8},"skip":true},{"start":{"line":258,"column":8},"end":{"line":258,"column":8},"skip":true}]},"19":{"line":275,"type":"switch","locations":[{"start":{"line":276,"column":20},"end":{"line":277,"column":64},"skip":true},{"start":{"line":278,"column":20},"end":{"line":279,"column":40},"skip":true},{"start":{"line":280,"column":20},"end":{"line":281,"column":40},"skip":true},{"start":{"line":282,"column":20},"end":{"line":283,"column":39},"skip":true}]},"20":{"line":288,"type":"if","locations":[{"start":{"line":288,"column":8},"end":{"line":288,"column":8},"skip":true},{"start":{"line":288,"column":8},"end":{"line":288,"column":8},"skip":true}]},"21":{"line":288,"type":"binary-expr","locations":[{"start":{"line":288,"column":12},"end":{"line":288,"column":40},"skip":true},{"start":{"line":288,"column":44},"end":{"line":288,"column":67},"skip":true}]},"22":{"line":292,"type":"binary-expr","locations":[{"start":{"line":292,"column":12},"end":{"line":292,"column":50},"skip":true},{"start":{"line":293,"column":12},"end":{"line":293,"column":53},"skip":true}]},"23":{"line":297,"type":"binary-expr","locations":[{"start":{"line":297,"column":12},"end":{"line":297,"column":65},"skip":true},{"start":{"line":298,"column":12},"end":{"line":301,"column":36},"skip":true}]},"24":{"line":303,"type":"binary-expr","locations":[{"start":{"line":303,"column":43},"end":{"line":303,"column":75},"skip":true},{"start":{"line":303,"column":79},"end":{"line":303,"column":81},"skip":true}]},"25":{"line":306,"type":"if","locations":[{"start":{"line":306,"column":8},"end":{"line":306,"column":8},"skip":true},{"start":{"line":306,"column":8},"end":{"line":306,"column":8},"skip":true}]},"26":{"line":310,"type":"if","locations":[{"start":{"line":310,"column":8},"end":{"line":310,"column":8},"skip":true},{"start":{"line":310,"column":8},"end":{"line":310,"column":8},"skip":true}]},"27":{"line":313,"type":"binary-expr","locations":[{"start":{"line":313,"column":27},"end":{"line":313,"column":43},"skip":true},{"start":{"line":313,"column":47},"end":{"line":313,"column":53},"skip":true}]},"28":{"line":317,"type":"if","locations":[{"start":{"line":317,"column":12},"end":{"line":317,"column":12},"skip":true},{"start":{"line":317,"column":12},"end":{"line":317,"column":12},"skip":true}]}},"code":["/*","example.js","","quickstart example","","instruction","    1. save this script as example.js","    2. run the shell command:","        $ npm install npmtest-moviedb && PORT=8081 node example.js","    3. play with the browser-demo on http://127.0.0.1:8081","*/","","","","/* istanbul instrument in package npmtest_moviedb */","/*jslint","    bitwise: true,","    browser: true,","    maxerr: 8,","    maxlen: 96,","    node: true,","    nomen: true,","    regexp: true,","    stupid: true","*/","(function () {","    'use strict';","    var local;","","","","    // run shared js-env code - pre-init","    (function () {","        // init local","        local = {};","        // init modeJs","        local.modeJs = (function () {","            try {","                return typeof navigator.userAgent === 'string' &&","                    typeof document.querySelector('body') === 'object' &&","                    typeof XMLHttpRequest.prototype.open === 'function' &&","                    'browser';","            } catch (errorCaughtBrowser) {","                return module.exports &&","                    typeof process.versions.node === 'string' &&","                    typeof require('http').createServer === 'function' &&","                    'node';","            }","        }());","        // init global","        local.global = local.modeJs === 'browser'","            ? window","            : global;","        // init utility2_rollup","        local = local.global.utility2_rollup || (local.modeJs === 'browser'","            ? local.global.utility2_npmtest_moviedb","            : global.utility2_moduleExports);","        // export local","        local.global.local = local;","    }());","    switch (local.modeJs) {","","","","    // post-init","    // run browser js-env code - post-init","    /* istanbul ignore next */","    case 'browser':","        local.testRunBrowser = function (event) {","            if (!event || (event &&","                    event.currentTarget &&","                    event.currentTarget.className &&","                    event.currentTarget.className.includes &&","                    event.currentTarget.className.includes('onreset'))) {","                // reset output","                Array.from(","                    document.querySelectorAll('body > .resettable')","                ).forEach(function (element) {","                    switch (element.tagName) {","                    case 'INPUT':","                    case 'TEXTAREA':","                        element.value = '';","                        break;","                    default:","                        element.textContent = '';","                    }","                });","            }","            switch (event && event.currentTarget && event.currentTarget.id) {","            case 'testRunButton1':","                // show tests","                if (document.querySelector('#testReportDiv1').style.display === 'none') {","                    document.querySelector('#testReportDiv1').style.display = 'block';","                    document.querySelector('#testRunButton1').textContent =","                        'hide internal test';","                    local.modeTest = true;","                    local.testRunDefault(local);","                // hide tests","                } else {","                    document.querySelector('#testReportDiv1').style.display = 'none';","                    document.querySelector('#testRunButton1').textContent = 'run internal test';","                }","                break;","            // custom-case","            default:","                break;","            }","            if (document.querySelector('#inputTextareaEval1') && (!event || (event &&","                    event.currentTarget &&","                    event.currentTarget.className &&","                    event.currentTarget.className.includes &&","                    event.currentTarget.className.includes('oneval')))) {","                // try to eval input-code","                try {","                    /*jslint evil: true*/","                    eval(document.querySelector('#inputTextareaEval1').value);","                } catch (errorCaught) {","                    console.error(errorCaught);","                }","            }","        };","        // log stderr and stdout to #outputTextareaStdout1","        ['error', 'log'].forEach(function (key) {","            console[key + '_original'] = console[key];","            console[key] = function () {","                var element;","                console[key + '_original'].apply(console, arguments);","                element = document.querySelector('#outputTextareaStdout1');","                if (!element) {","                    return;","                }","                // append text to #outputTextareaStdout1","                element.value += Array.from(arguments).map(function (arg) {","                    return typeof arg === 'string'","                        ? arg","                        : JSON.stringify(arg, null, 4);","                }).join(' ') + '\\n';","                // scroll textarea to bottom","                element.scrollTop = element.scrollHeight;","            };","        });","        // init event-handling","        ['change', 'click', 'keyup'].forEach(function (event) {","            Array.from(document.querySelectorAll('.on' + event)).forEach(function (element) {","                element.addEventListener(event, local.testRunBrowser);","            });","        });","        // run tests","        local.testRunBrowser();","        break;","","","","    // run node js-env code - post-init","    /* istanbul ignore next */","    case 'node':","        // export local","        module.exports = local;","        // require modules","        local.fs = require('fs');","        local.http = require('http');","        local.url = require('url');","        // init assets","        local.assetsDict = local.assetsDict || {};","        /* jslint-ignore-begin */","        local.assetsDict['/assets.index.template.html'] = '\\","<!doctype html>\\n\\","<html lang=\"en\">\\n\\","<head>\\n\\","<meta charset=\"UTF-8\">\\n\\","<meta name=\"viewport\" content=\"width=device-width, initial-scale=1\">\\n\\","<title>{{env.npm_package_name}} (v{{env.npm_package_version}})</title>\\n\\","<style>\\n\\","/*csslint\\n\\","    box-sizing: false,\\n\\","    universal-selector: false\\n\\","*/\\n\\","* {\\n\\","    box-sizing: border-box;\\n\\","}\\n\\","body {\\n\\","    background: #dde;\\n\\","    font-family: Arial, Helvetica, sans-serif;\\n\\","    margin: 2rem;\\n\\","}\\n\\","body > * {\\n\\","    margin-bottom: 1rem;\\n\\","}\\n\\",".utility2FooterDiv {\\n\\","    margin-top: 20px;\\n\\","    text-align: center;\\n\\","}\\n\\","</style>\\n\\","<style>\\n\\","/*csslint\\n\\","*/\\n\\","textarea {\\n\\","    font-family: monospace;\\n\\","    height: 10rem;\\n\\","    width: 100%;\\n\\","}\\n\\","textarea[readonly] {\\n\\","    background: #ddd;\\n\\","}\\n\\","</style>\\n\\","</head>\\n\\","<body>\\n\\","<!-- utility2-comment\\n\\","<div id=\"ajaxProgressDiv1\" style=\"background: #d00; height: 2px; left: 0; margin: 0; padding: 0; position: fixed; top: 0; transition: background 0.5s, width 1.5s; width: 25%;\"></div>\\n\\","utility2-comment -->\\n\\","<h1>\\n\\","<!-- utility2-comment\\n\\","    <a\\n\\","        {{#if env.npm_package_homepage}}\\n\\","        href=\"{{env.npm_package_homepage}}\"\\n\\","        {{/if env.npm_package_homepage}}\\n\\","        target=\"_blank\"\\n\\","    >\\n\\","utility2-comment -->\\n\\","        {{env.npm_package_name}} (v{{env.npm_package_version}})\\n\\","<!-- utility2-comment\\n\\","    </a>\\n\\","utility2-comment -->\\n\\","</h1>\\n\\","<h3>{{env.npm_package_description}}</h3>\\n\\","<!-- utility2-comment\\n\\","<h4><a download href=\"assets.app.js\">download standalone app</a></h4>\\n\\","<button class=\"onclick onreset\" id=\"testRunButton1\">run internal test</button><br>\\n\\","<div id=\"testReportDiv1\" style=\"display: none;\"></div>\\n\\","utility2-comment -->\\n\\","\\n\\","\\n\\","\\n\\","<label>stderr and stdout</label>\\n\\","<textarea class=\"resettable\" id=\"outputTextareaStdout1\" readonly></textarea>\\n\\","<!-- utility2-comment\\n\\","{{#if isRollup}}\\n\\","<script src=\"assets.app.js\"></script>\\n\\","{{#unless isRollup}}\\n\\","utility2-comment -->\\n\\","<script src=\"assets.utility2.rollup.js\"></script>\\n\\","<script src=\"jsonp.utility2._stateInit?callback=window.utility2._stateInit\"></script>\\n\\","<script src=\"assets.npmtest_moviedb.rollup.js\"></script>\\n\\","<script src=\"assets.example.js\"></script>\\n\\","<script src=\"assets.test.js\"></script>\\n\\","<!-- utility2-comment\\n\\","{{/if isRollup}}\\n\\","utility2-comment -->\\n\\","<div class=\"utility2FooterDiv\">\\n\\","    [ this app was created with\\n\\","    <a href=\"https://github.com/kaizhu256/node-utility2\" target=\"_blank\">utility2</a>\\n\\","    ]\\n\\","</div>\\n\\","</body>\\n\\","</html>\\n\\","';","        /* jslint-ignore-end */","        if (local.templateRender) {","            local.assetsDict['/'] = local.templateRender(","                local.assetsDict['/assets.index.template.html'],","                {","                    env: local.objectSetDefault(local.env, {","                        npm_package_description: 'the greatest app in the world!',","                        npm_package_name: 'my-app',","                        npm_package_nameAlias: 'my_app',","                        npm_package_version: '0.0.1'","                    })","                }","            );","        } else {","            local.assetsDict['/'] = local.assetsDict['/assets.index.template.html']","                .replace((/\\{\\{env\\.(\\w+?)\\}\\}/g), function (match0, match1) {","                    // jslint-hack","                    String(match0);","                    switch (match1) {","                    case 'npm_package_description':","                        return 'the greatest app in the world!';","                    case 'npm_package_name':","                        return 'my-app';","                    case 'npm_package_nameAlias':","                        return 'my_app';","                    case 'npm_package_version':","                        return '0.0.1';","                    }","                });","        }","        // run the cli","        if (local.global.utility2_rollup || module !== require.main) {","            break;","        }","        local.assetsDict['/assets.example.js'] =","            local.assetsDict['/assets.example.js'] ||","            local.fs.readFileSync(__filename, 'utf8');","        // bug-workaround - long $npm_package_buildCustomOrg","        /* jslint-ignore-begin */","        local.assetsDict['/assets.npmtest_moviedb.rollup.js'] =","            local.assetsDict['/assets.npmtest_moviedb.rollup.js'] ||","            local.fs.readFileSync(","                local.npmtest_moviedb.__dirname + '/lib.npmtest_moviedb.js',","                'utf8'","            ).replace((/^#!/), '//');","        /* jslint-ignore-end */","        local.assetsDict['/favicon.ico'] = local.assetsDict['/favicon.ico'] || '';","        // if $npm_config_timeout_exit exists,","        // then exit this process after $npm_config_timeout_exit ms","        if (Number(process.env.npm_config_timeout_exit)) {","            setTimeout(process.exit, Number(process.env.npm_config_timeout_exit));","        }","        // start server","        if (local.global.utility2_serverHttp1) {","            break;","        }","        process.env.PORT = process.env.PORT || '8081';","        console.error('server starting on port ' + process.env.PORT);","        local.http.createServer(function (request, response) {","            request.urlParsed = local.url.parse(request.url);","            if (local.assetsDict[request.urlParsed.pathname] !== undefined) {","                response.end(local.assetsDict[request.urlParsed.pathname]);","                return;","            }","            response.statusCode = 404;","            response.end();","        }).listen(process.env.PORT);","        break;","    }","}());",""],"l":{"26":2,"28":2,"33":2,"35":2,"37":2,"38":2,"39":2,"44":1,"51":2,"55":2,"59":2,"61":2,"69":1,"70":2,"76":2,"79":2,"82":2,"83":2,"85":1,"89":2,"92":1,"93":1,"94":1,"96":1,"97":1,"100":1,"101":1,"103":1,"106":1,"108":2,"114":1,"116":1,"118":1,"123":1,"124":2,"125":2,"126":3,"127":3,"128":3,"129":3,"130":1,"133":3,"134":3,"139":3,"143":1,"144":3,"145":1,"149":1,"150":1,"158":1,"160":1,"161":1,"162":1,"164":1,"166":1,"258":1,"259":1,"271":1,"274":6,"275":6,"277":1,"279":2,"281":1,"283":2,"288":1,"289":1,"291":1,"296":1,"303":1,"306":1,"307":1,"310":1,"311":1,"313":1,"314":1,"315":1,"316":1,"317":1,"318":1,"319":1,"321":1,"322":1,"324":1}},"/home/travis/build/npmtest/node-npmtest-moviedb/node_modules/moviedb/index.js":{"path":"/home/travis/build/npmtest/node-npmtest-moviedb/node_modules/moviedb/index.js","s":{"1":1},"b":{},"f":{},"fnMap":{},"statementMap":{"1":{"start":{"line":2,"column":0},"end":{"line":2,"column":42}}},"branchMap":{},"code":["","module.exports = require('./lib/moviedb');",""],"l":{"2":1}},"/home/travis/build/npmtest/node-npmtest-moviedb/node_modules/moviedb/lib/moviedb.js":{"path":"/home/travis/build/npmtest/node-npmtest-moviedb/node_modules/moviedb/lib/moviedb.js","s":{"1":1,"2":1,"3":1,"4":0,"5":0,"6":0,"7":1,"8":0,"9":0,"10":0,"11":0,"12":1,"13":0,"14":0,"15":0,"16":0,"17":0,"18":0,"19":0,"20":1,"21":0,"22":0,"23":0,"24":0,"25":0,"26":0,"27":0,"28":0,"29":0,"30":1,"31":15,"32":15,"33":85,"34":0,"35":0,"36":0,"37":0,"38":0,"39":0,"40":0,"41":0,"42":0,"43":0,"44":0,"45":1,"46":0,"47":0,"48":0,"49":0,"50":0,"51":0,"52":0,"53":0,"54":0,"55":0,"56":0,"57":0,"58":0,"59":0,"60":0,"61":0,"62":0,"63":0},"b":{"1":[0,0],"2":[0,0],"3":[0,0],"4":[0,0],"5":[0,0],"6":[0,0],"7":[0,0],"8":[0,0],"9":[0,0],"10":[0,0],"11":[0,0],"12":[0,0],"13":[0,0],"14":[0,0],"15":[0,0]},"f":{"1":0,"2":0,"3":0,"4":0,"5":0,"6":0,"7":15,"8":85,"9":0,"10":0,"11":0,"12":0},"fnMap":{"1":{"name":"(anonymous_1)","line":13,"loc":{"start":{"line":13,"column":17},"end":{"line":13,"column":45}}},"2":{"name":"MovieDB","line":22,"loc":{"start":{"line":22,"column":0},"end":{"line":22,"column":36}}},"3":{"name":"(anonymous_3)","line":32,"loc":{"start":{"line":32,"column":33},"end":{"line":32,"column":45}}},"4":{"name":"(anonymous_4)","line":39,"loc":{"start":{"line":39,"column":7},"end":{"line":39,"column":25}}},"5":{"name":"(anonymous_5)","line":55,"loc":{"start":{"line":55,"column":28},"end":{"line":55,"column":40}}},"6":{"name":"(anonymous_6)","line":62,"loc":{"start":{"line":62,"column":7},"end":{"line":62,"column":25}}},"7":{"name":"(anonymous_7)","line":81,"loc":{"start":{"line":81,"column":39},"end":{"line":81,"column":55}}},"8":{"name":"(anonymous_8)","line":83,"loc":{"start":{"line":83,"column":27},"end":{"line":83,"column":38}}},"9":{"name":"(anonymous_9)","line":84,"loc":{"start":{"line":84,"column":36},"end":{"line":84,"column":56}}},"10":{"name":"(anonymous_10)","line":93,"loc":{"start":{"line":93,"column":26},"end":{"line":93,"column":39}}},"11":{"name":"(anonymous_11)","line":106,"loc":{"start":{"line":106,"column":17},"end":{"line":106,"column":53}}},"12":{"name":"(anonymous_12)","line":131,"loc":{"start":{"line":131,"column":10},"end":{"line":131,"column":28}}}},"statementMap":{"1":{"start":{"line":6,"column":0},"end":{"line":6,"column":36}},"2":{"start":{"line":7,"column":0},"end":{"line":7,"column":44}},"3":{"start":{"line":13,"column":0},"end":{"line":16,"column":2}},"4":{"start":{"line":14,"column":2},"end":{"line":15,"column":38}},"5":{"start":{"line":14,"column":14},"end":{"line":14,"column":52}},"6":{"start":{"line":15,"column":7},"end":{"line":15,"column":38}},"7":{"start":{"line":22,"column":0},"end":{"line":26,"column":1}},"8":{"start":{"line":23,"column":2},"end":{"line":23,"column":25}},"9":{"start":{"line":24,"column":2},"end":{"line":24,"column":45}},"10":{"start":{"line":24,"column":15},"end":{"line":24,"column":45}},"11":{"start":{"line":25,"column":2},"end":{"line":25,"column":14}},"12":{"start":{"line":32,"column":0},"end":{"line":49,"column":2}},"13":{"start":{"line":33,"column":2},"end":{"line":33,"column":18}},"14":{"start":{"line":35,"column":2},"end":{"line":46,"column":5}},"15":{"start":{"line":40,"column":4},"end":{"line":45,"column":5}},"16":{"start":{"line":41,"column":6},"end":{"line":41,"column":14}},"17":{"start":{"line":43,"column":6},"end":{"line":43,"column":28}},"18":{"start":{"line":44,"column":6},"end":{"line":44,"column":11}},"19":{"start":{"line":48,"column":2},"end":{"line":48,"column":14}},"20":{"start":{"line":55,"column":0},"end":{"line":75,"column":2}},"21":{"start":{"line":56,"column":2},"end":{"line":56,"column":18}},"22":{"start":{"line":58,"column":2},"end":{"line":72,"column":5}},"23":{"start":{"line":63,"column":4},"end":{"line":71,"column":5}},"24":{"start":{"line":64,"column":6},"end":{"line":64,"column":14}},"25":{"start":{"line":66,"column":6},"end":{"line":70,"column":24}},"26":{"start":{"line":67,"column":8},"end":{"line":67,"column":46}},"27":{"start":{"line":68,"column":8},"end":{"line":68,"column":13}},"28":{"start":{"line":70,"column":11},"end":{"line":70,"column":24}},"29":{"start":{"line":74,"column":2},"end":{"line":74,"column":14}},"30":{"start":{"line":81,"column":0},"end":{"line":104,"column":3}},"31":{"start":{"line":82,"column":2},"end":{"line":82,"column":38}},"32":{"start":{"line":83,"column":2},"end":{"line":103,"column":5}},"33":{"start":{"line":84,"column":4},"end":{"line":102,"column":6}},"34":{"start":{"line":85,"column":6},"end":{"line":85,"column":22}},"35":{"start":{"line":87,"column":6},"end":{"line":90,"column":7}},"36":{"start":{"line":88,"column":8},"end":{"line":88,"column":20}},"37":{"start":{"line":89,"column":8},"end":{"line":89,"column":20}},"38":{"start":{"line":92,"column":6},"end":{"line":99,"column":7}},"39":{"start":{"line":93,"column":8},"end":{"line":96,"column":11}},"40":{"start":{"line":94,"column":10},"end":{"line":94,"column":33}},"41":{"start":{"line":94,"column":18},"end":{"line":94,"column":33}},"42":{"start":{"line":95,"column":10},"end":{"line":95,"column":76}},"43":{"start":{"line":98,"column":8},"end":{"line":98,"column":74}},"44":{"start":{"line":101,"column":6},"end":{"line":101,"column":18}},"45":{"start":{"line":106,"column":0},"end":{"line":138,"column":2}},"46":{"start":{"line":107,"column":2},"end":{"line":107,"column":24}},"47":{"start":{"line":108,"column":2},"end":{"line":108,"column":146}},"48":{"start":{"line":109,"column":2},"end":{"line":109,"column":28}},"49":{"start":{"line":111,"column":2},"end":{"line":113,"column":47}},"50":{"start":{"line":115,"column":2},"end":{"line":124,"column":3}},"51":{"start":{"line":116,"column":4},"end":{"line":116,"column":53}},"52":{"start":{"line":118,"column":9},"end":{"line":124,"column":3}},"53":{"start":{"line":119,"column":4},"end":{"line":119,"column":33}},"54":{"start":{"line":120,"column":4},"end":{"line":122,"column":5}},"55":{"start":{"line":121,"column":6},"end":{"line":121,"column":24}},"56":{"start":{"line":123,"column":4},"end":{"line":123,"column":40}},"57":{"start":{"line":126,"column":2},"end":{"line":129,"column":21}},"58":{"start":{"line":127,"column":4},"end":{"line":127,"column":22}},"59":{"start":{"line":129,"column":4},"end":{"line":129,"column":21}},"60":{"start":{"line":131,"column":2},"end":{"line":137,"column":5}},"61":{"start":{"line":132,"column":4},"end":{"line":136,"column":5}},"62":{"start":{"line":133,"column":6},"end":{"line":133,"column":25}},"63":{"start":{"line":135,"column":6},"end":{"line":135,"column":30}}},"branchMap":{"1":{"line":14,"type":"if","locations":[{"start":{"line":14,"column":2},"end":{"line":14,"column":2}},{"start":{"line":14,"column":2},"end":{"line":14,"column":2}}]},"2":{"line":24,"type":"if","locations":[{"start":{"line":24,"column":2},"end":{"line":24,"column":2}},{"start":{"line":24,"column":2},"end":{"line":24,"column":2}}]},"3":{"line":40,"type":"if","locations":[{"start":{"line":40,"column":4},"end":{"line":40,"column":4}},{"start":{"line":40,"column":4},"end":{"line":40,"column":4}}]},"4":{"line":63,"type":"if","locations":[{"start":{"line":63,"column":4},"end":{"line":63,"column":4}},{"start":{"line":63,"column":4},"end":{"line":63,"column":4}}]},"5":{"line":66,"type":"if","locations":[{"start":{"line":66,"column":6},"end":{"line":66,"column":6}},{"start":{"line":66,"column":6},"end":{"line":66,"column":6}}]},"6":{"line":87,"type":"if","locations":[{"start":{"line":87,"column":6},"end":{"line":87,"column":6}},{"start":{"line":87,"column":6},"end":{"line":87,"column":6}}]},"7":{"line":92,"type":"if","locations":[{"start":{"line":92,"column":6},"end":{"line":92,"column":6}},{"start":{"line":92,"column":6},"end":{"line":92,"column":6}}]},"8":{"line":92,"type":"binary-expr","locations":[{"start":{"line":92,"column":9},"end":{"line":92,"column":20}},{"start":{"line":92,"column":24},"end":{"line":92,"column":69}}]},"9":{"line":94,"type":"if","locations":[{"start":{"line":94,"column":10},"end":{"line":94,"column":10}},{"start":{"line":94,"column":10},"end":{"line":94,"column":10}}]},"10":{"line":107,"type":"binary-expr","locations":[{"start":{"line":107,"column":11},"end":{"line":107,"column":17}},{"start":{"line":107,"column":21},"end":{"line":107,"column":23}}]},"11":{"line":115,"type":"if","locations":[{"start":{"line":115,"column":2},"end":{"line":115,"column":2}},{"start":{"line":115,"column":2},"end":{"line":115,"column":2}}]},"12":{"line":118,"type":"if","locations":[{"start":{"line":118,"column":9},"end":{"line":118,"column":9}},{"start":{"line":118,"column":9},"end":{"line":118,"column":9}}]},"13":{"line":120,"type":"if","locations":[{"start":{"line":120,"column":4},"end":{"line":120,"column":4}},{"start":{"line":120,"column":4},"end":{"line":120,"column":4}}]},"14":{"line":126,"type":"if","locations":[{"start":{"line":126,"column":2},"end":{"line":126,"column":2}},{"start":{"line":126,"column":2},"end":{"line":126,"column":2}}]},"15":{"line":132,"type":"if","locations":[{"start":{"line":132,"column":4},"end":{"line":132,"column":4}},{"start":{"line":132,"column":4},"end":{"line":132,"column":4}}]}},"code":["","/*"," * Module dependencies"," */","","var request = require('superagent');","var endpoints = require('./endpoints.json');","","/*"," * Exports the constructor"," */","","module.exports = function(api_key, base_url) {","  if(api_key) return new MovieDB(api_key, base_url);","  else throw new Error('Bad api key');","};","","/*"," * Constructor"," */","","function MovieDB(api_key, base_url) {","  this.api_key = api_key;","  if(base_url) endpoints.base_url = base_url;","  return this;","}","","/*"," * API request token"," */","","MovieDB.prototype.requestToken = function(fn){","  var self = this;","","  request","  .get(endpoints.base_url  + endpoints.authentication.requestToken)","  .query({'api_key': self.api_key})","  .set('Accept', 'application/json')","  .end(function(err, res){","    if(err) {","      fn(err);","    } else {","      self.token = res.body;","      fn();","    }","  });","","  return this;","};","","/*"," * API session"," */","","MovieDB.prototype.session = function(fn){","  var self = this;","","  request","  .get(endpoints.base_url  + endpoints.authentication.session)","  .query({'api_key': self.api_key, 'request_token': self.token.request_token})","  .set('Accept', 'application/json')","  .end(function(err, res){","    if(err) {","      fn(err);","    } else {","      if (res.body.success) {","        self.session_id = res.body.session_id;","        fn();   ","      } ","      else fn(res.body);","    }","  });","","  return this;","};","","/*"," * Generate API methods"," */","","Object.keys(endpoints.methods).forEach(function(method){","  var met = endpoints.methods[method];","  Object.keys(met).forEach(function(m){","    MovieDB.prototype[method + m] = function(params, fn){","      var self = this;","","      if(\"function\" == typeof params) {","        fn = params;","        params = {};","      }","","      if(!this.token || Date.now() > +new Date(this.token.expires_at)) {","        this.requestToken(function(err){","          if(err) return fn(err);","          execMethod.call(self, met[m].method, params, met[m].resource, fn);","        });    ","      } else {","        execMethod.call(this, met[m].method, params, met[m].resource, fn);","      } ","","      return this;","    };","  });","});","","var execMethod = function(type, params, endpoint, fn){","  params = params || {};","  endpoint = endpoint.replace(':id', params.id).replace(':season_number', params.season_number).replace(':episode_number', params.episode_number);","  type = type.toUpperCase();","  ","  var req = request(type, endpoints.base_url + endpoint)","            .query({api_key : this.api_key, session_id: this.session_id})","            .set('Accept', 'application/json');","  ","  if (params.ifNoneMatch) {","    req=req.set('If-None-Match', params.ifNoneMatch);","    ","  } else if (params.ifModifiedSince) {","    var t=params.ifModifiedSince;","    if (t.toUTCString) {","      t=t.toUTCString();","    }","    req=req.set('If-Modified-Since', t);","  }","","  if(type === 'GET')","    req.query(params);","  else","    req.send(params);","","  req.end(function(err, res){","    if(err){","      fn(err, null, res);","    } else {","      fn(null, res.body, res);","    }","  });","};",""],"l":{"6":1,"7":1,"13":1,"14":0,"15":0,"22":1,"23":0,"24":0,"25":0,"32":1,"33":0,"35":0,"40":0,"41":0,"43":0,"44":0,"48":0,"55":1,"56":0,"58":0,"63":0,"64":0,"66":0,"67":0,"68":0,"70":0,"74":0,"81":1,"82":15,"83":15,"84":85,"85":0,"87":0,"88":0,"89":0,"92":0,"93":0,"94":0,"95":0,"98":0,"101":0,"106":1,"107":0,"108":0,"109":0,"111":0,"115":0,"116":0,"118":0,"119":0,"120":0,"121":0,"123":0,"126":0,"127":0,"129":0,"131":0,"132":0,"133":0,"135":0}},"/home/travis/build/npmtest/node-npmtest-moviedb/node_modules/moviedb/moviedb.js":{"path":"/home/travis/build/npmtest/node-npmtest-moviedb/node_modules/moviedb/moviedb.js","s":{"1":1,"2":1,"3":1,"4":0,"5":0,"6":0,"7":0,"8":0,"9":0,"10":0,"11":0,"12":0,"13":0,"14":0,"15":1,"16":1,"17":1,"18":7,"19":6,"20":0,"21":0,"22":0,"23":0,"24":0,"25":0,"26":0,"27":6,"28":6,"29":5,"30":5,"31":7,"32":1,"33":1,"34":1,"35":1,"36":1,"37":1,"38":1,"39":1,"40":0,"41":0,"42":0,"43":1,"44":0,"45":0,"46":0,"47":0,"48":1,"49":0,"50":0,"51":0,"52":0,"53":0,"54":0,"55":0,"56":0,"57":1,"58":14,"59":14,"60":74,"61":0,"62":0,"63":0,"64":0,"65":0,"66":0,"67":0,"68":0,"69":0,"70":1,"71":0,"72":0,"73":0,"74":0,"75":0,"76":0,"77":0,"78":0,"79":0,"80":0,"81":0,"82":0,"83":1,"84":1,"85":1,"86":1,"87":1,"88":0,"89":0,"90":0,"91":0,"92":1,"93":0,"94":0,"95":0,"96":0,"97":0,"98":0,"99":0,"100":0,"101":0,"102":0,"103":0,"104":1,"105":0,"106":0,"107":1,"108":0,"109":1,"110":0,"111":0,"112":0,"113":0,"114":0,"115":0,"116":0,"117":1,"118":1,"119":0,"120":0,"121":0,"122":0,"123":0,"124":0,"125":0,"126":0,"127":0,"128":1,"129":1,"130":1,"131":1,"132":1,"133":0,"134":0,"135":0,"136":0,"137":0,"138":0,"139":0,"140":0,"141":0,"142":0,"143":0,"144":0,"145":0,"146":0,"147":1,"148":0,"149":1,"150":0,"151":0,"152":0,"153":0,"154":0,"155":1,"156":0,"157":0,"158":0,"159":0,"160":0,"161":0,"162":0,"163":0,"164":0,"165":1,"166":0,"167":1,"168":0,"169":0,"170":0,"171":0,"172":0,"173":1,"174":0,"175":0,"176":1,"177":0,"178":0,"179":0,"180":0,"181":0,"182":0,"183":0,"184":0,"185":0,"186":0,"187":0,"188":0,"189":0,"190":0,"191":0,"192":1,"193":0,"194":0,"195":0,"196":0,"197":0,"198":0,"199":0,"200":0,"201":0,"202":1,"203":1,"204":0,"205":0,"206":0,"207":0,"208":0,"209":0,"210":0,"211":0,"212":0,"213":0,"214":0,"215":0,"216":0,"217":0,"218":0,"219":0,"220":0,"221":1,"222":1,"223":0,"224":0,"225":1,"226":0,"227":0,"228":1,"229":0,"230":0,"231":0,"232":1,"233":0,"234":0,"235":0,"236":0,"237":0,"238":0,"239":0,"240":1,"241":0,"242":0,"243":0,"244":0,"245":0,"246":0,"247":0,"248":1,"249":0,"250":0,"251":0,"252":1,"253":0,"254":1,"255":0,"256":0,"257":1,"258":0,"259":0,"260":1,"261":0,"262":0,"263":0,"264":1,"265":0,"266":0,"267":0,"268":0,"269":0,"270":1,"271":0,"272":0,"273":0,"274":0,"275":1,"276":0,"277":0,"278":0,"279":0,"280":1,"281":0,"282":0,"283":0,"284":0,"285":0,"286":0,"287":0,"288":0,"289":0,"290":0,"291":0,"292":0,"293":0,"294":0,"295":0,"296":0,"297":0,"298":0,"299":1,"300":0,"301":0,"302":0,"303":0,"304":0,"305":0,"306":1,"307":0,"308":0,"309":0,"310":1,"311":0,"312":0,"313":0,"314":0,"315":1,"316":0,"317":0,"318":1,"319":0,"320":0,"321":0,"322":0,"323":0,"324":0,"325":0,"326":0,"327":0,"328":0,"329":0,"330":0,"331":0,"332":0,"333":0,"334":0,"335":0,"336":0,"337":0,"338":0,"339":0,"340":0,"341":0,"342":0,"343":0,"344":0,"345":0,"346":0,"347":0,"348":0,"349":0,"350":0,"351":0,"352":0,"353":0,"354":0,"355":0,"356":0,"357":1,"358":1,"359":0,"360":0,"361":0,"362":0,"363":0,"364":1,"365":0,"366":0,"367":0,"368":0,"369":0,"370":0,"371":0,"372":0,"373":1,"374":0,"375":0,"376":0,"377":0,"378":0,"379":0,"380":0,"381":0,"382":1,"383":0,"384":0,"385":0,"386":0,"387":1,"388":0,"389":0,"390":0,"391":0,"392":0,"393":0,"394":0,"395":0,"396":1,"397":0,"398":0,"399":0,"400":0,"401":0,"402":0,"403":0,"404":0,"405":1,"406":0,"407":0,"408":0,"409":0,"410":0,"411":0,"412":0,"413":0,"414":1,"415":1,"416":1,"417":1,"418":1,"419":1,"420":1,"421":10,"422":1,"423":1,"424":0,"425":0,"426":0,"427":1,"428":0,"429":0,"430":1,"431":0,"432":0,"433":0,"434":0,"435":0,"436":1,"437":0,"438":0,"439":0,"440":0,"441":0,"442":0,"443":0,"444":0,"445":0,"446":0,"447":0,"448":0,"449":0,"450":0,"451":0,"452":0,"453":0,"454":1,"455":0,"456":0,"457":0,"458":0,"459":0,"460":0,"461":0,"462":1,"463":0,"464":0,"465":1,"466":0,"467":1,"468":0,"469":0,"470":0,"471":0,"472":0,"473":0},"b":{"1":[1,0],"2":[1,1],"3":[0,0],"4":[0,0],"5":[0,0],"6":[0,0],"7":[0,0],"8":[6,1],"9":[0,6],"10":[0,0],"11":[0,0],"12":[0,0],"13":[0,0],"14":[5,0],"15":[1,1],"16":[0,0],"17":[0,0],"18":[0,0],"19":[0,0],"20":[0,0],"21":[0,0],"22":[0,0],"23":[0,0],"24":[0,0],"25":[1,0],"26":[0,0,0,0],"27":[0,0],"28":[0,0,0],"29":[1,0],"30":[0,0],"31":[0,0],"32":[0,0],"33":[0,0],"34":[0,0],"35":[0,0],"36":[0,0],"37":[0,0],"38":[0,0,0],"39":[0,0],"40":[0,0],"41":[0,0],"42":[0,0],"43":[0,0],"44":[0,0],"45":[0,0],"46":[0,0],"47":[0,0],"48":[0,0],"49":[0,0],"50":[0,0],"51":[0,0],"52":[0,0],"53":[0,0],"54":[0,0],"55":[0,0],"56":[0,0],"57":[0,0],"58":[0,0],"59":[0,0],"60":[0,0],"61":[0,0],"62":[0,0],"63":[0,0],"64":[0,0],"65":[0,0],"66":[0,0],"67":[0,0],"68":[0,0],"69":[0,0],"70":[0,0],"71":[0,0],"72":[0,0],"73":[0,0],"74":[0,0],"75":[0,0,0,0],"76":[0,0],"77":[0,0],"78":[0,0],"79":[0,0],"80":[0,0],"81":[0,0],"82":[0,0],"83":[0,0],"84":[0,0],"85":[0,0],"86":[0,0],"87":[0,0],"88":[0,0],"89":[0,0],"90":[0,0],"91":[0,0],"92":[0,0],"93":[0,0],"94":[0,0],"95":[0,0],"96":[1,0],"97":[0,0],"98":[0,0],"99":[0,0],"100":[0,0],"101":[0,0],"102":[0,0],"103":[0,0],"104":[0,0],"105":[0,0],"106":[0,0],"107":[0,0],"108":[0,0],"109":[0,0],"110":[0,0]},"f":{"1":1,"2":1,"3":1,"4":7,"5":5,"6":1,"7":1,"8":1,"9":0,"10":0,"11":0,"12":0,"13":0,"14":14,"15":74,"16":0,"17":0,"18":0,"19":0,"20":1,"21":0,"22":0,"23":0,"24":0,"25":0,"26":0,"27":0,"28":0,"29":0,"30":0,"31":0,"32":0,"33":0,"34":0,"35":0,"36":0,"37":0,"38":0,"39":0,"40":0,"41":0,"42":0,"43":0,"44":0,"45":0,"46":0,"47":0,"48":0,"49":0,"50":0,"51":0,"52":0,"53":0,"54":0,"55":0,"56":0,"57":0,"58":0,"59":0,"60":0,"61":0,"62":0,"63":0,"64":0,"65":0,"66":0,"67":0,"68":0,"69":0,"70":1,"71":1,"72":1,"73":0,"74":0,"75":0,"76":0,"77":0,"78":0,"79":0,"80":1,"81":0},"fnMap":{"1":{"name":"(anonymous_1)","line":1,"loc":{"start":{"line":1,"column":1},"end":{"line":1,"column":12}}},"2":{"name":"(anonymous_2)","line":1,"loc":{"start":{"line":1,"column":319},"end":{"line":1,"column":329}}},"3":{"name":"e","line":1,"loc":{"start":{"line":1,"column":364},"end":{"line":1,"column":381}}},"4":{"name":"s","line":1,"loc":{"start":{"line":1,"column":382},"end":{"line":1,"column":397}}},"5":{"name":"(anonymous_5)","line":1,"loc":{"start":{"line":1,"column":631},"end":{"line":1,"column":642}}},"6":{"name":"(anonymous_6)","line":1,"loc":{"start":{"line":1,"column":810},"end":{"line":1,"column":842}}},"7":{"name":"(anonymous_7)","line":5,"loc":{"start":{"line":5,"column":26},"end":{"line":5,"column":58}}},"8":{"name":"(anonymous_8)","line":118,"loc":{"start":{"line":118,"column":9},"end":{"line":118,"column":41}}},"9":{"name":"(anonymous_9)","line":131,"loc":{"start":{"line":131,"column":17},"end":{"line":131,"column":44}}},"10":{"name":"MovieDB","line":140,"loc":{"start":{"line":140,"column":0},"end":{"line":140,"column":36}}},"11":{"name":"(anonymous_11)","line":150,"loc":{"start":{"line":150,"column":33},"end":{"line":150,"column":45}}},"12":{"name":"(anonymous_12)","line":157,"loc":{"start":{"line":157,"column":7},"end":{"line":157,"column":20}}},"13":{"name":"(anonymous_13)","line":161,"loc":{"start":{"line":161,"column":17},"end":{"line":161,"column":32}}},"14":{"name":"(anonymous_14)","line":172,"loc":{"start":{"line":172,"column":39},"end":{"line":172,"column":55}}},"15":{"name":"(anonymous_15)","line":174,"loc":{"start":{"line":174,"column":27},"end":{"line":174,"column":38}}},"16":{"name":"(anonymous_16)","line":175,"loc":{"start":{"line":175,"column":36},"end":{"line":175,"column":56}}},"17":{"name":"(anonymous_17)","line":184,"loc":{"start":{"line":184,"column":26},"end":{"line":184,"column":36}}},"18":{"name":"(anonymous_18)","line":196,"loc":{"start":{"line":196,"column":17},"end":{"line":196,"column":53}}},"19":{"name":"(anonymous_19)","line":210,"loc":{"start":{"line":210,"column":10},"end":{"line":210,"column":23}}},"20":{"name":"(anonymous_20)","line":218,"loc":{"start":{"line":218,"column":44},"end":{"line":218,"column":76}}},"21":{"name":"noop","line":238,"loc":{"start":{"line":238,"column":0},"end":{"line":238,"column":15}}},"22":{"name":"isHost","line":251,"loc":{"start":{"line":251,"column":0},"end":{"line":251,"column":21}}},"23":{"name":"getXHR","line":268,"loc":{"start":{"line":268,"column":0},"end":{"line":268,"column":18}}},"24":{"name":"(anonymous_24)","line":290,"loc":{"start":{"line":290,"column":4},"end":{"line":290,"column":16}}},"25":{"name":"(anonymous_25)","line":291,"loc":{"start":{"line":291,"column":4},"end":{"line":291,"column":16}}},"26":{"name":"isObject","line":301,"loc":{"start":{"line":301,"column":0},"end":{"line":301,"column":23}}},"27":{"name":"serialize","line":313,"loc":{"start":{"line":313,"column":0},"end":{"line":313,"column":24}}},"28":{"name":"parseString","line":339,"loc":{"start":{"line":339,"column":0},"end":{"line":339,"column":26}}},"29":{"name":"parseHeader","line":413,"loc":{"start":{"line":413,"column":0},"end":{"line":413,"column":26}}},"30":{"name":"type","line":442,"loc":{"start":{"line":442,"column":0},"end":{"line":442,"column":18}}},"31":{"name":"params","line":454,"loc":{"start":{"line":454,"column":0},"end":{"line":454,"column":20}}},"32":{"name":"(anonymous_32)","line":455,"loc":{"start":{"line":455,"column":36},"end":{"line":455,"column":54}}},"33":{"name":"Response","line":511,"loc":{"start":{"line":511,"column":0},"end":{"line":511,"column":32}}},"34":{"name":"(anonymous_34)","line":536,"loc":{"start":{"line":536,"column":25},"end":{"line":536,"column":40}}},"35":{"name":"(anonymous_35)","line":552,"loc":{"start":{"line":552,"column":41},"end":{"line":552,"column":57}}},"36":{"name":"(anonymous_36)","line":573,"loc":{"start":{"line":573,"column":31},"end":{"line":573,"column":44}}},"37":{"name":"(anonymous_37)","line":601,"loc":{"start":{"line":601,"column":41},"end":{"line":601,"column":57}}},"38":{"name":"(anonymous_38)","line":634,"loc":{"start":{"line":634,"column":29},"end":{"line":634,"column":39}}},"39":{"name":"Request","line":662,"loc":{"start":{"line":662,"column":0},"end":{"line":662,"column":30}}},"40":{"name":"(anonymous_40)","line":670,"loc":{"start":{"line":670,"column":17},"end":{"line":670,"column":27}}},"41":{"name":"(anonymous_41)","line":694,"loc":{"start":{"line":694,"column":24},"end":{"line":694,"column":37}}},"42":{"name":"(anonymous_42)","line":707,"loc":{"start":{"line":707,"column":28},"end":{"line":707,"column":40}}},"43":{"name":"(anonymous_43)","line":719,"loc":{"start":{"line":719,"column":33},"end":{"line":719,"column":43}}},"44":{"name":"(anonymous_44)","line":732,"loc":{"start":{"line":732,"column":26},"end":{"line":732,"column":36}}},"45":{"name":"(anonymous_45)","line":761,"loc":{"start":{"line":761,"column":24},"end":{"line":761,"column":44}}},"46":{"name":"(anonymous_46)","line":787,"loc":{"start":{"line":787,"column":26},"end":{"line":787,"column":41}}},"47":{"name":"(anonymous_47)","line":801,"loc":{"start":{"line":801,"column":30},"end":{"line":801,"column":45}}},"48":{"name":"(anonymous_48)","line":827,"loc":{"start":{"line":827,"column":25},"end":{"line":827,"column":39}}},"49":{"name":"(anonymous_49)","line":852,"loc":{"start":{"line":852,"column":27},"end":{"line":852,"column":41}}},"50":{"name":"(anonymous_50)","line":866,"loc":{"start":{"line":866,"column":25},"end":{"line":866,"column":45}}},"51":{"name":"(anonymous_51)","line":886,"loc":{"start":{"line":886,"column":26},"end":{"line":886,"column":39}}},"52":{"name":"(anonymous_52)","line":908,"loc":{"start":{"line":908,"column":26},"end":{"line":908,"column":45}}},"53":{"name":"(anonymous_53)","line":931,"loc":{"start":{"line":931,"column":27},"end":{"line":931,"column":58}}},"54":{"name":"(anonymous_54)","line":988,"loc":{"start":{"line":988,"column":25},"end":{"line":988,"column":39}}},"55":{"name":"(anonymous_55)","line":1025,"loc":{"start":{"line":1025,"column":29},"end":{"line":1025,"column":47}}},"56":{"name":"(anonymous_56)","line":1038,"loc":{"start":{"line":1038,"column":37},"end":{"line":1038,"column":47}}},"57":{"name":"(anonymous_57)","line":1050,"loc":{"start":{"line":1050,"column":33},"end":{"line":1050,"column":43}}},"58":{"name":"(anonymous_58)","line":1068,"loc":{"start":{"line":1068,"column":36},"end":{"line":1068,"column":46}}},"59":{"name":"(anonymous_59)","line":1082,"loc":{"start":{"line":1082,"column":24},"end":{"line":1082,"column":36}}},"60":{"name":"(anonymous_60)","line":1093,"loc":{"start":{"line":1093,"column":27},"end":{"line":1093,"column":37}}},"61":{"name":"(anonymous_61)","line":1104,"loc":{"start":{"line":1104,"column":28},"end":{"line":1104,"column":39}}},"62":{"name":"(anonymous_62)","line":1112,"loc":{"start":{"line":1112,"column":29},"end":{"line":1112,"column":39}}},"63":{"name":"request","line":1171,"loc":{"start":{"line":1171,"column":0},"end":{"line":1171,"column":30}}},"64":{"name":"(anonymous_64)","line":1195,"loc":{"start":{"line":1195,"column":14},"end":{"line":1195,"column":37}}},"65":{"name":"(anonymous_65)","line":1213,"loc":{"start":{"line":1213,"column":15},"end":{"line":1213,"column":38}}},"66":{"name":"(anonymous_66)","line":1230,"loc":{"start":{"line":1230,"column":14},"end":{"line":1230,"column":31}}},"67":{"name":"(anonymous_67)","line":1246,"loc":{"start":{"line":1246,"column":16},"end":{"line":1246,"column":39}}},"68":{"name":"(anonymous_68)","line":1264,"loc":{"start":{"line":1264,"column":15},"end":{"line":1264,"column":38}}},"69":{"name":"(anonymous_69)","line":1282,"loc":{"start":{"line":1282,"column":14},"end":{"line":1282,"column":37}}},"70":{"name":"(anonymous_70)","line":1296,"loc":{"start":{"line":1296,"column":31},"end":{"line":1296,"column":63}}},"71":{"name":"Emitter","line":1310,"loc":{"start":{"line":1310,"column":0},"end":{"line":1310,"column":22}}},"72":{"name":"mixin","line":1322,"loc":{"start":{"line":1322,"column":0},"end":{"line":1322,"column":20}}},"73":{"name":"(anonymous_73)","line":1339,"loc":{"start":{"line":1339,"column":37},"end":{"line":1339,"column":56}}},"74":{"name":"(anonymous_74)","line":1356,"loc":{"start":{"line":1356,"column":25},"end":{"line":1356,"column":44}}},"75":{"name":"on","line":1360,"loc":{"start":{"line":1360,"column":2},"end":{"line":1360,"column":16}}},"76":{"name":"(anonymous_76)","line":1383,"loc":{"start":{"line":1383,"column":40},"end":{"line":1383,"column":59}}},"77":{"name":"(anonymous_77)","line":1422,"loc":{"start":{"line":1422,"column":25},"end":{"line":1422,"column":40}}},"78":{"name":"(anonymous_78)","line":1445,"loc":{"start":{"line":1445,"column":30},"end":{"line":1445,"column":45}}},"79":{"name":"(anonymous_79)","line":1458,"loc":{"start":{"line":1458,"column":33},"end":{"line":1458,"column":48}}},"80":{"name":"(anonymous_80)","line":1462,"loc":{"start":{"line":1462,"column":9},"end":{"line":1462,"column":41}}},"81":{"name":"(anonymous_81)","line":1474,"loc":{"start":{"line":1474,"column":17},"end":{"line":1474,"column":43}}}},"statementMap":{"1":{"start":{"line":1,"column":0},"end":{"line":1488,"column":3}},"2":{"start":{"line":1,"column":13},"end":{"line":1,"column":316}},"3":{"start":{"line":1,"column":72},"end":{"line":1,"column":90}},"4":{"start":{"line":1,"column":96},"end":{"line":1,"column":316}},"5":{"start":{"line":1,"column":139},"end":{"line":1,"column":151}},"6":{"start":{"line":1,"column":157},"end":{"line":1,"column":163}},"7":{"start":{"line":1,"column":163},"end":{"line":1,"column":304}},"8":{"start":{"line":1,"column":195},"end":{"line":1,"column":203}},"9":{"start":{"line":1,"column":209},"end":{"line":1,"column":304}},"10":{"start":{"line":1,"column":241},"end":{"line":1,"column":249}},"11":{"start":{"line":1,"column":255},"end":{"line":1,"column":304}},"12":{"start":{"line":1,"column":285},"end":{"line":1,"column":291}},"13":{"start":{"line":1,"column":297},"end":{"line":1,"column":303}},"14":{"start":{"line":1,"column":304},"end":{"line":1,"column":315}},"15":{"start":{"line":1,"column":330},"end":{"line":1,"column":356}},"16":{"start":{"line":1,"column":356},"end":{"line":1487,"column":17}},"17":{"start":{"line":1,"column":382},"end":{"line":1,"column":718}},"18":{"start":{"line":1,"column":398},"end":{"line":1,"column":698}},"19":{"start":{"line":1,"column":408},"end":{"line":1,"column":584}},"20":{"start":{"line":1,"column":418},"end":{"line":1,"column":460}},"21":{"start":{"line":1,"column":460},"end":{"line":1,"column":484}},"22":{"start":{"line":1,"column":469},"end":{"line":1,"column":484}},"23":{"start":{"line":1,"column":484},"end":{"line":1,"column":504}},"24":{"start":{"line":1,"column":489},"end":{"line":1,"column":504}},"25":{"start":{"line":1,"column":504},"end":{"line":1,"column":550}},"26":{"start":{"line":1,"column":550},"end":{"line":1,"column":583}},"27":{"start":{"line":1,"column":584},"end":{"line":1,"column":608}},"28":{"start":{"line":1,"column":608},"end":{"line":1,"column":697}},"29":{"start":{"line":1,"column":643},"end":{"line":1,"column":660}},"30":{"start":{"line":1,"column":660},"end":{"line":1,"column":675}},"31"
[...]
from `request.types`."," *"," * Examples:"," *"," *      superagent.types.json = 'application/json';"," *"," *      request.get('/agent')"," *        .accept('json')"," *        .end(callback);"," *"," *      request.get('/agent')"," *        .accept('application/json')"," *        .end(callback);"," *"," * @param {String} accept"," * @return {Request} for chaining"," * @api public"," */","","Request.prototype.accept = function(type){","  this.set('Accept', request.types[type] || type);","  return this;","};","","/**"," * Set Authorization field value with `user` and `pass`."," *"," * @param {String} user"," * @param {String} pass"," * @return {Request} for chaining"," * @api public"," */","","Request.prototype.auth = function(user, pass){","  var str = btoa(user + ':' + pass);","  this.set('Authorization', 'Basic ' + str);","  return this;","};","","/**","* Add query-string `val`.","*","* Examples:","*","*   request.get('/shoes')","*     .query('size=10')","*     .query({ color: 'blue' })","*","* @param {Object|String} val","* @return {Request} for chaining","* @api public","*/","","Request.prototype.query = function(val){","  if ('string' != typeof val) val = serialize(val);","  if (val) this._query.push(val);","  return this;","};","","/**"," * Write the field `name` and `val` for \"multipart/form-data\""," * request bodies."," *"," * ``` js"," * request.post('/upload')"," *   .field('foo', 'bar')"," *   .end(callback);"," * ```"," *"," * @param {String} name"," * @param {String|Blob|File} val"," * @return {Request} for chaining"," * @api public"," */","","Request.prototype.field = function(name, val){","  if (!this._formData) this._formData = new FormData();","  this._formData.append(name, val);","  return this;","};","","/**"," * Queue the given `file` as an attachment to the specified `field`,"," * with optional `filename`."," *"," * ``` js"," * request.post('/upload')"," *   .attach(new Blob(['<a id=\"a\"><b id=\"b\">hey!</b></a>'], { type: \"text/html\"}))"," *   .end(callback);"," * ```"," *"," * @param {String} field"," * @param {Blob|File} file"," * @param {String} filename"," * @return {Request} for chaining"," * @api public"," */","","Request.prototype.attach = function(field, file, filename){","  if (!this._formData) this._formData = new FormData();","  this._formData.append(field, file, filename);","  return this;","};","","/**"," * Send `data`, defaulting the `.type()` to \"json\" when"," * an object is given."," *"," * Examples:"," *"," *       // querystring"," *       request.get('/search')"," *         .end(callback)"," *"," *       // multiple data \"writes\""," *       request.get('/search')"," *         .send({ search: 'query' })"," *         .send({ range: '1..5' })"," *         .send({ order: 'desc' })"," *         .end(callback)"," *"," *       // manual json"," *       request.post('/user')"," *         .type('json')"," *         .send('{\"name\":\"tj\"})"," *         .end(callback)"," *"," *       // auto json"," *       request.post('/user')"," *         .send({ name: 'tj' })"," *         .end(callback)"," *"," *       // manual x-www-form-urlencoded"," *       request.post('/user')"," *         .type('form')"," *         .send('name=tj')"," *         .end(callback)"," *"," *       // auto x-www-form-urlencoded"," *       request.post('/user')"," *         .type('form')"," *         .send({ name: 'tj' })"," *         .end(callback)"," *"," *       // defaults to x-www-form-urlencoded","  *      request.post('/user')","  *        .send('name=tobi')","  *        .send('species=ferret')","  *        .end(callback)"," *"," * @param {String|Object} data"," * @return {Request} for chaining"," * @api public"," */","","Request.prototype.send = function(data){","  var obj = isObject(data);","  var type = this.getHeader('Content-Type');","","  // merge","  if (obj && isObject(this._data)) {","    for (var key in data) {","      this._data[key] = data[key];","    }","  } else if ('string' == typeof data) {","    if (!type) this.type('form');","    type = this.getHeader('Content-Type');","    if ('application/x-www-form-urlencoded' == type) {","      this._data = this._data","        ? this._data + '&' + data","        : data;","    } else {","      this._data = (this._data || '') + data;","    }","  } else {","    this._data = data;","  }","","  if (!obj) return this;","  if (!type) this.type('json');","  return this;","};","","/**"," * Invoke the callback with `err` and `res`"," * and handle arity check."," *"," * @param {Error} err"," * @param {Response} res"," * @api private"," */","","Request.prototype.callback = function(err, res){","  var fn = this._callback;","  if (2 == fn.length) return fn(err, res);","  if (err) return this.emit('error', err);","  fn(res);","};","","/**"," * Invoke callback with x-domain error."," *"," * @api private"," */","","Request.prototype.crossDomainError = function(){","  var err = new Error('Origin is not allowed by Access-Control-Allow-Origin');","  err.crossDomain = true;","  this.callback(err);","};","","/**"," * Invoke callback with timeout error."," *"," * @api private"," */","","Request.prototype.timeoutError = function(){","  var timeout = this._timeout;","  var err = new Error('timeout of ' + timeout + 'ms exceeded');","  err.timeout = timeout;","  this.callback(err);","};","","/**"," * Enable transmission of cookies with x-domain requests."," *"," * Note that for this to work the origin must not be"," * using \"Access-Control-Allow-Origin\" with a wildcard,"," * and also must set \"Access-Control-Allow-Credentials\""," * to \"true\"."," *"," * @api public"," */","","Request.prototype.withCredentials = function(){","  this._withCredentials = true;","  return this;","};","","/**"," * Initiate request, invoking callback `fn(res)`"," * with an instanceof `Response`."," *"," * @param {Function} fn"," * @return {Request} for chaining"," * @api public"," */","","Request.prototype.end = function(fn){","  var self = this;","  var xhr = this.xhr = getXHR();","  var query = this._query.join('&');","  var timeout = this._timeout;","  var data = this._formData || this._data;","","  // store callback","  this._callback = fn || noop;","","  // state change","  xhr.onreadystatechange = function(){","    if (4 != xhr.readyState) return;","    if (0 == xhr.status) {","      if (self.aborted) return self.timeoutError();","      return self.crossDomainError();","    }","    self.emit('end');","  };","","  // progress","  if (xhr.upload) {","    xhr.upload.onprogress = function(e){","      e.percent = e.loaded / e.total * 100;","      self.emit('progress', e);","    };","  }","","  // timeout","  if (timeout && !this._timer) {","    this._timer = setTimeout(function(){","      self.abort();","    }, timeout);","  }","","  // querystring","  if (query) {","    query = request.serializeObject(query);","    this.url += ~this.url.indexOf('?')","      ? '&' + query","      : '?' + query;","  }","","  // initiate request","  xhr.open(this.method, this.url, true);","","  // CORS","  if (this._withCredentials) xhr.withCredentials = true;","","  // body","  if ('GET' != this.method && 'HEAD' != this.method && 'string' != typeof data && !isHost(data)) {","    // serialize stuff","    var serialize = request.serialize[this.getHeader('Content-Type')];","    if (serialize) data = serialize(data);","  }","","  // set header fields","  for (var field in this.header) {","    if (null == this.header[field]) continue;","    xhr.setRequestHeader(field, this.header[field]);","  }","","  // send stuff","  this.emit('request', this);","  xhr.send(data);","  return this;","};","","/**"," * Expose `Request`."," */","","request.Request = Request;","","/**"," * Issue a request:"," *"," * Examples:"," *"," *    request('GET', '/users').end(callback)"," *    request('/users').end(callback)"," *    request('/users', callback)"," *"," * @param {String} method"," * @param {String|Function} url or callback"," * @return {Request}"," * @api public"," */","","function request(method, url) {","  // callback","  if ('function' == typeof url) {","    return new Request('GET', method).end(url);","  }","","  // url first","  if (1 == arguments.length) {","    return new Request('GET', method);","  }","","  return new Request(method, url);","}","","/**"," * GET `url` with optional callback `fn(res)`."," *"," * @param {String} url"," * @param {Mixed|Function} data or fn"," * @param {Function} fn"," * @return {Request}"," * @api public"," */","","request.get = function(url, data, fn){","  var req = request('GET', url);","  if ('function' == typeof data) fn = data, data = null;","  if (data) req.query(data);","  if (fn) req.end(fn);","  return req;","};","","/**"," * HEAD `url` with optional callback `fn(res)`."," *"," * @param {String} url"," * @param {Mixed|Function} data or fn"," * @param {Function} fn"," * @return {Request}"," * @api public"," */","","request.head = function(url, data, fn){","  var req = request('HEAD', url);","  if ('function' == typeof data) fn = data, data = null;","  if (data) req.send(data);","  if (fn) req.end(fn);","  return req;","};","","/**"," * DELETE `url` with optional callback `fn(res)`."," *"," * @param {String} url"," * @param {Function} fn"," * @return {Request}"," * @api public"," */","","request.del = function(url, fn){","  var req = request('DELETE', url);","  if (fn) req.end(fn);","  return req;","};","","/**"," * PATCH `url` with optional `data` and callback `fn(res)`."," *"," * @param {String} url"," * @param {Mixed} data"," * @param {Function} fn"," * @return {Request}"," * @api public"," */","","request.patch = function(url, data, fn){","  var req = request('PATCH', url);","  if ('function' == typeof data) fn = data, data = null;","  if (data) req.send(data);","  if (fn) req.end(fn);","  return req;","};","","/**"," * POST `url` with optional `data` and callback `fn(res)`."," *"," * @param {String} url"," * @param {Mixed} data"," * @param {Function} fn"," * @return {Request}"," * @api public"," */","","request.post = function(url, data, fn){","  var req = request('POST', url);","  if ('function' == typeof data) fn = data, data = null;","  if (data) req.send(data);","  if (fn) req.end(fn);","  return req;","};","","/**"," * PUT `url` with optional `data` and callback `fn(res)`."," *"," * @param {String} url"," * @param {Mixed|Function} data or fn"," * @param {Function} fn"," * @return {Request}"," * @api public"," */","","request.put = function(url, data, fn){","  var req = request('PUT', url);","  if ('function' == typeof data) fn = data, data = null;","  if (data) req.send(data);","  if (fn) req.end(fn);","  return req;","};","","/**"," * Expose `request`."," */","","module.exports = request;","","},{\"emitter\":5,\"reduce\":6}],5:[function(require,module,exports){","","/**"," * Expose `Emitter`."," */","","module.exports = Emitter;","","/**"," * Initialize a new `Emitter`."," *"," * @api public"," */","","function Emitter(obj) {","  if (obj) return mixin(obj);","};","","/**"," * Mixin the emitter properties."," *"," * @param {Object} obj"," * @return {Object}"," * @api private"," */","","function mixin(obj) {","  for (var key in Emitter.prototype) {","    obj[key] = Emitter.prototype[key];","  }","  return obj;","}","","/**"," * Listen on the given `event` with `fn`."," *"," * @param {String} event"," * @param {Function} fn"," * @return {Emitter}"," * @api public"," */","","Emitter.prototype.on =","Emitter.prototype.addEventListener = function(event, fn){","  this._callbacks = this._callbacks || {};","  (this._callbacks[event] = this._callbacks[event] || [])","    .push(fn);","  return this;","};","","/**"," * Adds an `event` listener that will be invoked a single"," * time then automatically removed."," *"," * @param {String} event"," * @param {Function} fn"," * @return {Emitter}"," * @api public"," */","","Emitter.prototype.once = function(event, fn){","  var self = this;","  this._callbacks = this._callbacks || {};","","  function on() {","    self.off(event, on);","    fn.apply(this, arguments);","  }","","  on.fn = fn;","  this.on(event, on);","  return this;","};","","/**"," * Remove the given callback for `event` or all"," * registered callbacks."," *"," * @param {String} event"," * @param {Function} fn"," * @return {Emitter}"," * @api public"," */","","Emitter.prototype.off =","Emitter.prototype.removeListener =","Emitter.prototype.removeAllListeners =","Emitter.prototype.removeEventListener = function(event, fn){","  this._callbacks = this._callbacks || {};","","  // all","  if (0 == arguments.length) {","    this._callbacks = {};","    return this;","  }","","  // specific event","  var callbacks = this._callbacks[event];","  if (!callbacks) return this;","","  // remove all handlers","  if (1 == arguments.length) {","    delete this._callbacks[event];","    return this;","  }","","  // remove specific handler","  var cb;","  for (var i = 0; i < callbacks.length; i++) {","    cb = callbacks[i];","    if (cb === fn || cb.fn === fn) {","      callbacks.splice(i, 1);","      break;","    }","  }","  return this;","};","","/**"," * Emit `event` with the given args."," *"," * @param {String} event"," * @param {Mixed} ..."," * @return {Emitter}"," */","","Emitter.prototype.emit = function(event){","  this._callbacks = this._callbacks || {};","  var args = [].slice.call(arguments, 1)","    , callbacks = this._callbacks[event];","","  if (callbacks) {","    callbacks = callbacks.slice(0);","    for (var i = 0, len = callbacks.length; i < len; ++i) {","      callbacks[i].apply(this, args);","    }","  }","","  return this;","};","","/**"," * Return array of callbacks for `event`."," *"," * @param {String} event"," * @return {Array}"," * @api public"," */","","Emitter.prototype.listeners = function(event){","  this._callbacks = this._callbacks || {};","  return this._callbacks[event] || [];","};","","/**"," * Check if this emitter has `event` handlers."," *"," * @param {String} event"," * @return {Boolean}"," * @api public"," */","","Emitter.prototype.hasListeners = function(event){","  return !! this.listeners(event).length;","};","","},{}],6:[function(require,module,exports){","","/**"," * Reduce `arr` with `fn`."," *"," * @param {Array} arr"," * @param {Function} fn"," * @param {Mixed} initial"," *"," * TODO: combatible error handling?"," */","","module.exports = function(arr, fn, initial){","  var idx = 0;","  var len = arr.length;","  var curr = arguments.length == 3","    ? initial","    : arr[idx++];","","  while (idx < len) {","    curr = fn.call(null, curr, arr[idx], ++idx, arr);","  }","","  return curr;","};","},{}]},{},[1])(1)","});",""],"l":{"1":7,"3":1,"6":1,"124":1,"131":1,"132":0,"133":0,"140":1,"141":0,"142":0,"143":0,"150":1,"151":0,"153":0,"158":0,"159":0,"160":0,"162":0,"165":0,"172":1,"173":14,"174":14,"175":74,"176":0,"178":0,"179":0,"180":0,"183":0,"184":0,"185":0,"188":0,"191":0,"196":1,"197":0,"198":0,"199":0,"201":0,"205":0,"206":0,"208":0,"210":0,"211":0,"212":0,"215":0,"223":1,"224":1,"230":1,"238":1,"251":1,"252":0,"254":0,"258":0,"260":0,"268":1,"269":0,"271":0,"273":0,"274":0,"275":0,"276":0,"278":0,"289":1,"290":0,"291":0,"301":1,"302":0,"313":1,"314":0,"315":0,"316":0,"317":0,"318":0,"322":0,"329":1,"339":1,"340":0,"341":0,"342":0,"343":0,"345":0,"346":0,"347":0,"348":0,"351":0,"358":1,"367":1,"385":1,"399":1,"413":1,"414":0,"415":0,"416":0,"417":0,"418":0,"419":0,"421":0,"423":0,"424":0,"425":0,"426":0,"427":0,"428":0,"431":0,"442":1,"443":0,"454":1,"455":0,"456":0,"460":0,"461":0,"511":1,"512":0,"513":0,"514":0,"515":0,"516":0,"517":0,"521":0,"522":0,"523":0,"536":1,"537":0,"552":1,"554":0,"555":0,"558":0,"559":0,"573":1,"574":0,"575":0,"601":1,"602":0,"605":0,"606":0,"609":0,"610":0,"611":0,"612":0,"613":0,"618":0,"619":0,"620":0,"621":0,"622":0,"623":0,"624":0,"634":1,"635":0,"636":0,"637":0,"639":0,"640":0,"641":0,"642":0,"643":0,"645":0,"652":1,"662":1,"663":0,"664":0,"665":0,"666":0,"667":0,"668":0,"669":0,"670":0,"671":0,"672":0,"673":0,"674":0,"676":0,"677":0,"678":0,"679":0,"688":1,"694":1,"695":0,"696":0,"707":1,"708":0,"709":0,"719":1,"720":0,"721":0,"722":0,"732":1,"733":0,"734":0,"735":0,"736":0,"737":0,"738":0,"761":1,"762":0,"763":0,"764":0,"766":0,"768":0,"769":0,"770":0,"787":1,"788":0,"789":0,"790":0,"801":1,"802":0,"827":1,"828":0,"829":0,"852":1,"853":0,"854":0,"866":1,"867":0,"868":0,"869":0,"886":1,"887":0,"888":0,"889":0,"908":1,"909":0,"910":0,"911":0,"931":1,"932":0,"933":0,"934":0,"988":1,"989":0,"990":0,"993":0,"994":0,"995":0,"997":0,"998":0,"999":0,"1000":0,"1001":0,"1005":0,"1008":0,"1011":0,"1012":0,"1013":0,"1025":1,"1026":0,"1027":0,"1028":0,"1029":0,"1038":1,"1039":0,"1040":0,"1041":0,"1050":1,"1051":0,"1052":0,"1053":0,"1054":0,"1068":1,"1069":0,"1070":0,"1082":1,"1083":0,"1084":0,"1085":0,"1086":0,"1087":0,"1090":0,"1093":0,"1094":0,"1095":0,"1096":0,"1097":0,"1099":0,"1103":0,"1104":0,"1105":0,"1106":0,"1111":0,"1112":0,"1113":0,"1118":0,"1119":0,"1120":0,"1126":0,"1129":0,"1132":0,"1134":0,"1135":0,"1139":0,"1140":0,"1141":0,"1145":0,"1146":0,"1147":0,"1154":1,"1171":1,"1173":0,"1174":0,"1178":0,"1179":0,"1182":0,"1195":1,"1196":0,"1197":0,"1198":0,"1199":0,"1200":0,"1213":1,"1214":0,"1215":0,"1216":0,"1217":0,"1218":0,"1230":1,"1231":0,"1232":0,"1233":0,"1246":1,"1247":0,"1248":0,"1249":0,"1250":0,"1251":0,"1264":1,"1265":0,"1266":0,"1267":0,"1268":0,"1269":0,"1282":1,"1283":0,"1284":0,"1285":0,"1286":0,"1287":0,"1294":1,"1302":1,"1310":1,"1311":1,"1322":1,"1323":1,"1324":10,"1326":1,"1338":1,"1340":0,"1341":0,"1343":0,"1356":1,"1357":0,"1358":0,"1360":1,"1361":0,"1362":0,"1365":0,"1366":0,"1367":0,"1380":1,"1384":0,"1387":0,"1388":0,"1389":0,"1393":0,"1394":0,"1397":0,"1398":0,"1399":0,"1403":0,"1404":0,"1405":0,"1406":0,"1407":0,"1408":0,"1411":0,"1422":1,"1423":0,"1424":0,"1427":0,"1428":0,"1429":0,"1430":0,"1434":0,"1445":1,"1446":0,"1447":0,"1458":1,"1459":0,"1474":1,"1475":0,"1476":0,"1477":0,"1481":0,"1482":0,"1485":0}},"/home/travis/build/npmtest/node-npmtest-moviedb/node_modules/moviedb/tools/towiki.js":{"path":"/home/travis/build/npmtest/node-npmtest-moviedb/node_modules/moviedb/tools/towiki.js","s":{"1":2,"2":0,"3":0,"4":0,"5":0,"6":0,"7":0,"8":0,"9":0,"10":0,"11":0},"b":{},"f":{"1":0,"2":0,"3":0},"fnMap":{"1":{"name":"(anonymous_1)","line":7,"loc":{"start":{"line":7,"column":32},"end":{"line":7,"column":43}}},"2":{"name":"(anonymous_2)","line":9,"loc":{"start":{"line":9,"column":25},"end":{"line":9,"column":36}}},"3":{"name":"(anonymous_3)","line":14,"loc":{"start":{"line":14,"column":39},"end":{"line":14,"column":50}}}},"statementMap":{"1":{"start":{"line":2,"column":0},"end":{"line":2,"column":40}},"2":{"start":{"line":4,"column":0},"end":{"line":4,"column":12}},"3":{"start":{"line":5,"column":0},"end":{"line":5,"column":80}},"4":{"start":{"line":6,"column":0},"end":{"line":6,"column":25}},"5":{"start":{"line":7,"column":0},"end":{"line":12,"column":2}},"6":{"start":{"line":8,"column":2},"end":{"line":8,"column":23}},"7":{"start":{"line":9,"column":2},"end":{"line":11,"column":4}},"8":{"start":{"line":10,"column":4},"end":{"line":10,"column":81}},"9":{"start":{"line":14,"column":0},"end":{"line":16,"column":2}},"10":{"start":{"line":15,"column":1},"end":{"line":15,"column":62}},"11":{"start":{"line":18,"column":0},"end":{"line":18,"column":27}}},"branchMap":{},"code":["","var es = require('./lib/endpoints.json')","","var out = []","out.push(['', 'API resource', 'Lib function name', 'HTTP method', ''].join('|'))","out.push('|---|---|---|')","Object.keys(es.methods).forEach(function(e){","  var m = es.methods[e]","  Object.keys(m).forEach(function(r){","    out.push(['', e + r, m[r].resource, m[r].method.toUpperCase(), ''].join('|'))","  })","})","","Object.keys(es.authentication).forEach(function(e){"," out.push(['', e, es.authentication[e], 'POST', ''].join('|'))","})","","console.log(out.join('\\n'))",""],"l":{"2":2,"4":0,"5":0,"6":0,"7":0,"8":0,"9":0,"10":0,"14":0,"15":0,"18":0}}}